#
# There is insufficient memory for the Java Runtime Environment to continue.
# Native memory allocation (malloc) failed to allocate 2240976 bytes for Chunk::new
# Possible reasons:
#   The system is out of physical RAM or swap space
#   In 32 bit mode, the process size limit was hit
# Possible solutions:
#   Reduce memory load on the system
#   Increase physical memory or swap space
#   Check if swap backing store is full
#   Use 64 bit Java on a 64 bit OS
#   Decrease Java heap size (-Xmx/-Xms)
#   Decrease number of Java threads
#   Decrease Java thread stack sizes (-Xss)
#   Set larger code cache with -XX:ReservedCodeCacheSize=
# This output file may be truncated or incomplete.
#
#  Out of Memory Error (allocation.cpp:390), pid=14044, tid=0x0000000000006870
#
# JRE version: OpenJDK Runtime Environment (8.0_152-b02) (build 1.8.0_152-release-1024-b02)
# Java VM: OpenJDK 64-Bit Server VM (25.152-b02 mixed mode windows-amd64 compressed oops)
# Failed to write core dump. Minidumps are not enabled by default on client versions of Windows
#

---------------  T H R E A D  ---------------

Current thread (0x000000001612d800):  JavaThread "C2 CompilerThread0" daemon [_thread_in_native, id=26736, stack(0x0000000017770000,0x0000000017870000)]

Stack: [0x0000000017770000,0x0000000017870000]
[error occurred during error reporting (printing stack bounds), id 0xc0000005]

Native frames: (J=compiled Java code, j=interpreted, Vv=VM code, C=native code)


Current CompileTask:
C2:  32741 2107   !   4       java.net.URLClassLoader$1::run (63 bytes)


---------------  P R O C E S S  ---------------

Java Threads: ( => current thread )
  0x0000000018470000 JavaThread "Cache worker for Artifact transforms cache (C:\Users\Admin\.gradle\caches\transforms-1)" [_thread_blocked, id=26656, stack(0x000000001d360000,0x000000001d460000)]
  0x0000000018356000 JavaThread "Cache worker for file hash cache (D:\projek\Projek Android\Freelancer\uny_code\schedule_uny\.gradle\4.4\fileHashes)" [_thread_blocked, id=9136, stack(0x000000001cc60000,0x000000001cd60000)]
  0x0000000017c97000 JavaThread "File lock request listener" [_thread_in_native, id=2628, stack(0x000000001bb90000,0x000000001bc90000)]
  0x0000000019832800 JavaThread "Cache worker for file hash cache (C:\Users\Admin\.gradle\caches\4.4\fileHashes)" [_thread_blocked, id=7724, stack(0x000000001ba90000,0x000000001bb90000)]
  0x00000000187ad000 JavaThread "Stdin handler" [_thread_blocked, id=26788, stack(0x000000001a7c0000,0x000000001a8c0000)]
  0x00000000187ac000 JavaThread "Asynchronous log dispatcher for DefaultDaemonConnection: socket connection from /127.0.0.1:6008 to /127.0.0.1:6009" [_thread_blocked, id=19200, stack(0x000000001a6c0000,0x000000001a7c0000)]
  0x000000001879f800 JavaThread "Daemon worker" [_thread_in_native, id=33780, stack(0x000000001a5c0000,0x000000001a6c0000)]
  0x000000001879e800 JavaThread "Cancel handler" [_thread_blocked, id=6284, stack(0x000000001a4c0000,0x000000001a5c0000)]
  0x0000000017c1f800 JavaThread "Handler for socket connection from /127.0.0.1:6008 to /127.0.0.1:6009" [_thread_in_native, id=22536, stack(0x000000001a1c0000,0x000000001a2c0000)]
  0x0000000018260800 JavaThread "Daemon" [_thread_blocked, id=28020, stack(0x000000001a0c0000,0x000000001a1c0000)]
  0x000000001825e800 JavaThread "Daemon periodic checks" [_thread_blocked, id=24020, stack(0x0000000019fc0000,0x000000001a0c0000)]
  0x00000000183ef000 JavaThread "Incoming local TCP Connector on port 6008" [_thread_in_native, id=16852, stack(0x0000000019d80000,0x0000000019e80000)]
  0x000000001618d000 JavaThread "Service Thread" daemon [_thread_blocked, id=17280, stack(0x0000000017e70000,0x0000000017f70000)]
  0x0000000016155000 JavaThread "C1 CompilerThread2" daemon [_thread_blocked, id=28848, stack(0x0000000017970000,0x0000000017a70000)]
  0x0000000016132800 JavaThread "C2 CompilerThread1" daemon [_thread_in_native, id=28216, stack(0x0000000017870000,0x0000000017970000)]
=>0x000000001612d800 JavaThread "C2 CompilerThread0" daemon [_thread_in_native, id=26736, stack(0x0000000017770000,0x0000000017870000)]
  0x000000001612c000 JavaThread "Attach Listener" daemon [_thread_blocked, id=1668, stack(0x0000000017670000,0x0000000017770000)]
  0x0000000016129000 JavaThread "Signal Dispatcher" daemon [_thread_blocked, id=30380, stack(0x0000000017570000,0x0000000017670000)]
  0x0000000016118800 JavaThread "Finalizer" daemon [_thread_blocked, id=27104, stack(0x0000000017380000,0x0000000017480000)]
  0x00000000027b2000 JavaThread "Reference Handler" daemon [_thread_blocked, id=22816, stack(0x0000000017280000,0x0000000017380000)]
  0x00000000026c2800 JavaThread "main" [_thread_blocked, id=18364, stack(0x00000000024d0000,0x00000000025d0000)]

Other Threads:
  0x00000000160f6800 VMThread [stack: 0x0000000017180000,0x0000000017280000] [id=23900]
  0x000000001618e800 WatcherThread [stack: 0x0000000017f70000,0x0000000018070000] [id=27016]

VM state:not at safepoint (normal execution)

VM Mutex/Monitor currently owned by a thread: None

Heap:
 PSYoungGen      total 57856K, used 24951K [0x00000000e0000000, 0x00000000e4e80000, 0x0000000100000000)
  eden space 54272K, 39% used [0x00000000e0000000,0x00000000e14f3660,0x00000000e3500000)
  from space 3584K, 97% used [0x00000000e4b00000,0x00000000e4e6a600,0x00000000e4e80000)
  to   space 10240K, 0% used [0x00000000e3a80000,0x00000000e3a80000,0x00000000e4480000)
 ParOldGen       total 56832K, used 7978K [0x00000000a0000000, 0x00000000a3780000, 0x00000000e0000000)
  object space 56832K, 14% used [0x00000000a0000000,0x00000000a07caa20,0x00000000a3780000)
 Metaspace       used 25322K, capacity 25846K, committed 25984K, reserved 1071104K
  class space    used 3523K, capacity 3692K, committed 3712K, reserved 1048576K

Card table byte_map: [0x0000000011b80000,0x0000000011e90000] byte_map_base: 0x0000000011680000

Marking Bits: (ParMarkBitMap*) 0x0000000055234970
 Begin Bits: [0x0000000012490000, 0x0000000013c90000)
 End Bits:   [0x0000000013c90000, 0x0000000015490000)

Polling page: 0x00000000007b0000

CodeCache: size=245760Kb used=7634Kb max_used=7634Kb free=238125Kb
 bounds [0x00000000027c0000, 0x0000000002f40000, 0x00000000117c0000]
 total_blobs=2607 nmethods=1969 adapters=551
 compilation: enabled

Compilation events (10 events):
Event: 32.705 Thread 0x0000000016155000 2118       1       sun.reflect.AccessorGenerator::sub (5 bytes)
Event: 32.705 Thread 0x0000000016155000 nmethod 2118 0x0000000002f1eb90 code [0x0000000002f1ece0, 0x0000000002f1edd0]
Event: 32.709 Thread 0x0000000016155000 2119       3       java.io.ObjectStreamField::getClassSignature (242 bytes)
Event: 32.715 Thread 0x0000000016155000 nmethod 2119 0x0000000002f325d0 code [0x0000000002f32ca0, 0x0000000002f37b78]
Event: 32.720 Thread 0x0000000016155000 2120       1       java.lang.reflect.Constructor::getSignature (5 bytes)
Event: 32.720 Thread 0x0000000016155000 nmethod 2120 0x0000000002f1e8d0 code [0x0000000002f1ea20, 0x0000000002f1eb30]
Event: 32.721 Thread 0x0000000016155000 2121       3       java.io.ObjectStreamClass$Caches::access$2600 (4 bytes)
Event: 32.721 Thread 0x0000000016155000 nmethod 2121 0x0000000002f1e5d0 code [0x0000000002f1e720, 0x0000000002f1e850]
Event: 32.721 Thread 0x0000000016155000 2122       3       java.io.ObjectOutputStream$BlockDataOutputStream::writeByte (33 bytes)
Event: 32.722 Thread 0x0000000016155000 nmethod 2122 0x0000000002f1e110 code [0x0000000002f1e280, 0x0000000002f1e4a8]

GC Heap History (10 events):
Event: 24.453 GC heap before
{Heap before GC invocations=3 (full 0):
 PSYoungGen      total 38400K, used 38399K [0x00000000e0000000, 0x00000000e2a80000, 0x0000000100000000)
  eden space 33280K, 100% used [0x00000000e0000000,0x00000000e2080000,0x00000000e2080000)
  from space 5120K, 99% used [0x00000000e2580000,0x00000000e2a7fd58,0x00000000e2a80000)
  to   space 5120K, 0% used [0x00000000e2080000,0x00000000e2080000,0x00000000e2580000)
 ParOldGen       total 87552K, used 511K [0x00000000a0000000, 0x00000000a5580000, 0x00000000e0000000)
  object space 87552K, 0% used [0x00000000a0000000,0x00000000a007ff90,0x00000000a5580000)
 Metaspace       used 14503K, capacity 14854K, committed 14976K, reserved 1062912K
  class space    used 2019K, capacity 2155K, committed 2176K, reserved 1048576K
Event: 24.487 GC heap after
Heap after GC invocations=3 (full 0):
 PSYoungGen      total 38400K, used 5089K [0x00000000e0000000, 0x00000000e2a80000, 0x0000000100000000)
  eden space 33280K, 0% used [0x00000000e0000000,0x00000000e0000000,0x00000000e2080000)
  from space 5120K, 99% used [0x00000000e2080000,0x00000000e2578420,0x00000000e2580000)
  to   space 5120K, 0% used [0x00000000e2580000,0x00000000e2580000,0x00000000e2a80000)
 ParOldGen       total 87552K, used 2518K [0x00000000a0000000, 0x00000000a5580000, 0x00000000e0000000)
  object space 87552K, 2% used [0x00000000a0000000,0x00000000a0275b48,0x00000000a5580000)
 Metaspace       used 14503K, capacity 14854K, committed 14976K, reserved 1062912K
  class space    used 2019K, capacity 2155K, committed 2176K, reserved 1048576K
}
Event: 28.067 GC heap before
{Heap before GC invocations=4 (full 0):
 PSYoungGen      total 38400K, used 38369K [0x00000000e0000000, 0x00000000e2a80000, 0x0000000100000000)
  eden space 33280K, 100% used [0x00000000e0000000,0x00000000e2080000,0x00000000e2080000)
  from space 5120K, 99% used [0x00000000e2080000,0x00000000e2578420,0x00000000e2580000)
  to   space 5120K, 0% used [0x00000000e2580000,0x00000000e2580000,0x00000000e2a80000)
 ParOldGen       total 87552K, used 2518K [0x00000000a0000000, 0x00000000a5580000, 0x00000000e0000000)
  object space 87552K, 2% used [0x00000000a0000000,0x00000000a0275b48,0x00000000a5580000)
 Metaspace       used 17811K, capacity 18202K, committed 18304K, reserved 1064960K
  class space    used 2560K, capacity 2685K, committed 2688K, reserved 1048576K
Event: 28.083 GC heap after
Heap after GC invocations=4 (full 0):
 PSYoungGen      total 38400K, used 5088K [0x00000000e0000000, 0x00000000e2a80000, 0x0000000100000000)
  eden space 33280K, 0% used [0x00000000e0000000,0x00000000e0000000,0x00000000e2080000)
  from space 5120K, 99% used [0x00000000e2580000,0x00000000e2a78060,0x00000000e2a80000)
  to   space 5120K, 0% used [0x00000000e2080000,0x00000000e2080000,0x00000000e2580000)
 ParOldGen       total 87552K, used 6002K [0x00000000a0000000, 0x00000000a5580000, 0x00000000e0000000)
  object space 87552K, 6% used [0x00000000a0000000,0x00000000a05dc9b0,0x00000000a5580000)
 Metaspace       used 17811K, capacity 18202K, committed 18304K, reserved 1064960K
  class space    used 2560K, capacity 2685K, committed 2688K, reserved 1048576K
}
Event: 29.287 GC heap before
{Heap before GC invocations=5 (full 0):
 PSYoungGen      total 38400K, used 17529K [0x00000000e0000000, 0x00000000e2a80000, 0x0000000100000000)
  eden space 33280K, 37% used [0x00000000e0000000,0x00000000e0c266e0,0x00000000e2080000)
  from space 5120K, 99% used [0x00000000e2580000,0x00000000e2a78060,0x00000000e2a80000)
  to   space 5120K, 0% used [0x00000000e2080000,0x00000000e2080000,0x00000000e2580000)
 ParOldGen       total 87552K, used 6002K [0x00000000a0000000, 0x00000000a5580000, 0x00000000e0000000)
  object space 87552K, 6% used [0x00000000a0000000,0x00000000a05dc9b0,0x00000000a5580000)
 Metaspace       used 20829K, capacity 21216K, committed 21248K, reserved 1067008K
  class space    used 2911K, capacity 3071K, committed 3072K, reserved 1048576K
Event: 29.312 GC heap after
Heap after GC invocations=5 (full 0):
 PSYoungGen      total 38400K, used 5088K [0x00000000e0000000, 0x00000000e5500000, 0x0000000100000000)
  eden space 33280K, 0% used [0x00000000e0000000,0x00000000e0000000,0x00000000e2080000)
  from space 5120K, 99% used [0x00000000e2080000,0x00000000e2578050,0x00000000e2580000)
  to   space 10240K, 0% used [0x00000000e4b00000,0x00000000e4b00000,0x00000000e5500000)
 ParOldGen       total 87552K, used 8340K [0x00000000a0000000, 0x00000000a5580000, 0x00000000e0000000)
  object space 87552K, 9% used [0x00000000a0000000,0x00000000a0825318,0x00000000a5580000)
 Metaspace       used 20829K, capacity 21216K, committed 21248K, reserved 1067008K
  class space    used 2911K, capacity 3071K, committed 3072K, reserved 1048576K
}
Event: 29.313 GC heap before
{Heap before GC invocations=6 (full 1):
 PSYoungGen      total 38400K, used 5088K [0x00000000e0000000, 0x00000000e5500000, 0x0000000100000000)
  eden space 33280K, 0% used [0x00000000e0000000,0x00000000e0000000,0x00000000e2080000)
  from space 5120K, 99% used [0x00000000e2080000,0x00000000e2578050,0x00000000e2580000)
  to   space 10240K, 0% used [0x00000000e4b00000,0x00000000e4b00000,0x00000000e5500000)
 ParOldGen       total 87552K, used 8340K [0x00000000a0000000, 0x00000000a5580000, 0x00000000e0000000)
  object space 87552K, 9% used [0x00000000a0000000,0x00000000a0825318,0x00000000a5580000)
 Metaspace       used 20829K, capacity 21216K, committed 21248K, reserved 1067008K
  class space    used 2911K, capacity 3071K, committed 3072K, reserved 1048576K
Event: 29.465 GC heap after
Heap after GC invocations=6 (full 1):
 PSYoungGen      total 38400K, used 0K [0x00000000e0000000, 0x00000000e5500000, 0x0000000100000000)
  eden space 33280K, 0% used [0x00000000e0000000,0x00000000e0000000,0x00000000e2080000)
  from space 5120K, 0% used [0x00000000e2080000,0x00000000e2080000,0x00000000e2580000)
  to   space 10240K, 0% used [0x00000000e4b00000,0x00000000e4b00000,0x00000000e5500000)
 ParOldGen       total 56832K, used 7970K [0x00000000a0000000, 0x00000000a3780000, 0x00000000e0000000)
  object space 56832K, 14% used [0x00000000a0000000,0x00000000a07c8a20,0x00000000a3780000)
 Metaspace       used 20829K, capacity 21216K, committed 21248K, reserved 1067008K
  class space    used 2911K, capacity 3071K, committed 3072K, reserved 1048576K
}
Event: 31.670 GC heap before
{Heap before GC invocations=7 (full 1):
 PSYoungGen      total 38400K, used 33280K [0x00000000e0000000, 0x00000000e5500000, 0x0000000100000000)
  eden space 33280K, 100% used [0x00000000e0000000,0x00000000e2080000,0x00000000e2080000)
  from space 5120K, 0% used [0x00000000e2080000,0x00000000e2080000,0x00000000e2580000)
  to   space 10240K, 0% used [0x00000000e4b00000,0x00000000e4b00000,0x00000000e5500000)
 ParOldGen       total 56832K, used 7970K [0x00000000a0000000, 0x00000000a3780000, 0x00000000e0000000)
  object space 56832K, 14% used [0x00000000a0000000,0x00000000a07c8a20,0x00000000a3780000)
 Metaspace       used 23775K, capacity 24280K, committed 24448K, reserved 1071104K
  class space    used 3276K, capacity 3431K, committed 3456K, reserved 1048576K
Event: 31.679 GC heap after
Heap after GC invocations=7 (full 1):
 PSYoungGen      total 57856K, used 3497K [0x00000000e0000000, 0x00000000e4e80000, 0x0000000100000000)
  eden space 54272K, 0% used [0x00000000e0000000,0x00000000e0000000,0x00000000e3500000)
  from space 3584K, 97% used [0x00000000e4b00000,0x00000000e4e6a600,0x00000000e4e80000)
  to   space 10240K, 0% used [0x00000000e3a80000,0x00000000e3a80000,0x00000000e4480000)
 ParOldGen       total 56832K, used 7978K [0x00000000a0000000, 0x00000000a3780000, 0x00000000e0000000)
  object space 56832K, 14% used [0x00000000a0000000,0x00000000a07caa20,0x00000000a3780000)
 Metaspace       used 23775K, capacity 24280K, committed 24448K, reserved 1071104K
  class space    used 3276K, capacity 3431K, committed 3456K, reserved 1048576K
}

Deoptimization events (10 events):
Event: 28.142 Thread 0x000000001879f800 Uncommon trap: reason=class_check action=maybe_recompile pc=0x0000000002ad472c method=sun.misc.URLClassPath.getResource(Ljava/lang/String;Z)Lsun/misc/Resource; @ 62
Event: 28.174 Thread 0x000000001879f800 Uncommon trap: reason=unstable_if action=reinterpret pc=0x0000000002cc9784 method=java.lang.ClassLoader.getClassLoadingLock(Ljava/lang/String;)Ljava/lang/Object; @ 6
Event: 29.465 Thread 0x00000000027b2000 Uncommon trap: reason=unstable_if action=reinterpret pc=0x0000000002cd54b8 method=java.lang.ref.Reference.tryHandlePending(Z)Z @ 104
Event: 30.028 Thread 0x000000001879f800 Uncommon trap: reason=class_check action=maybe_recompile pc=0x0000000002987668 method=sun.misc.URLClassPath.getLoader(I)Lsun/misc/URLClassPath$Loader; @ 239
Event: 30.090 Thread 0x000000001879f800 Uncommon trap: reason=class_check action=maybe_recompile pc=0x0000000002987668 method=sun.misc.URLClassPath.getLoader(I)Lsun/misc/URLClassPath$Loader; @ 239
Event: 30.219 Thread 0x000000001879f800 Uncommon trap: reason=class_check action=maybe_recompile pc=0x0000000002987668 method=sun.misc.URLClassPath.getLoader(I)Lsun/misc/URLClassPath$Loader; @ 239
Event: 30.572 Thread 0x000000001879f800 Uncommon trap: reason=class_check action=maybe_recompile pc=0x00000000029846d4 method=sun.misc.URLClassPath.getLoader(I)Lsun/misc/URLClassPath$Loader; @ 239
Event: 30.956 Thread 0x000000001879f800 Uncommon trap: reason=unstable_if action=reinterpret pc=0x00000000028c9a20 method=java.util.HashMap.hash(Ljava/lang/Object;)I @ 1
Event: 31.507 Thread 0x000000001879f800 Uncommon trap: reason=unstable_if action=reinterpret pc=0x0000000002a525cc method=java.io.WinNTFileSystem.resolve(Ljava/lang/String;Ljava/lang/String;)Ljava/lang/String; @ 49
Event: 32.044 Thread 0x000000001879f800 Uncommon trap: reason=unstable_if action=reinterpret pc=0x0000000002eeca08 method=org.objectweb.asm.Type.getDescriptor(Ljava/lang/StringBuilder;Ljava/lang/Class;)V @ 127

Classes redefined (0 events):
No events

Internal exceptions (10 events):
Event: 30.597 Thread 0x000000001879f800 Exception <a 'java/lang/ClassNotFoundException': org/gradle/api/internal/initialization/DefaultScriptHandlerCustomizer> (0x00000000e0f3db10) thrown at [D:\src\AOSP-openjdk-cygwin\jdk8u\hotspot\src\share\vm\classfile\systemDictionary.cpp, line 210]
Event: 30.956 Thread 0x000000001879f800 Implicit null exception at 0x00000000028c9815 to 0x00000000028c9a11
Event: 31.917 Thread 0x000000001879f800 Exception <a 'java/lang/ClassNotFoundException': org/gradle/api/internal/artifacts/dsl/dependencies/DefaultDependencyHandler_DecoratedBeanInfo> (0x00000000e0754030) thrown at [D:\src\AOSP-openjdk-cygwin\jdk8u\hotspot\src\share\vm\classfile\systemDictionar
Event: 31.918 Thread 0x000000001879f800 Exception <a 'java/lang/ClassNotFoundException': org/gradle/api/internal/artifacts/dsl/dependencies/DefaultDependencyHandlerBeanInfo> (0x00000000e079c820) thrown at [D:\src\AOSP-openjdk-cygwin\jdk8u\hotspot\src\share\vm\classfile\systemDictionary.cpp, lin
Event: 31.919 Thread 0x000000001879f800 Exception <a 'java/lang/ClassNotFoundException': org/gradle/api/internal/artifacts/dsl/dependencies/DefaultDependencyHandlerCustomizer> (0x00000000e07e5f70) thrown at [D:\src\AOSP-openjdk-cygwin\jdk8u\hotspot\src\share\vm\classfile\systemDictionary.cpp, l
Event: 31.924 Thread 0x000000001879f800 Exception <a 'java/lang/ClassNotFoundException': org/gradle/api/internal/artifacts/dsl/dependencies/DefaultDependencyHandler_DecoratedCustomizer> (0x00000000e08532f8) thrown at [D:\src\AOSP-openjdk-cygwin\jdk8u\hotspot\src\share\vm\classfile\systemDiction
Event: 32.704 Thread 0x000000001879f800 Exception <a 'java/lang/NoSuchMethodError': <clinit>> (0x00000000e143a490) thrown at [D:\src\AOSP-openjdk-cygwin\jdk8u\hotspot\src\share\vm\prims\jni.cpp, line 1613]
Event: 32.721 Thread 0x000000001879f800 Exception <a 'java/lang/NoSuchMethodError': <clinit>> (0x00000000e145fcf8) thrown at [D:\src\AOSP-openjdk-cygwin\jdk8u\hotspot\src\share\vm\prims\jni.cpp, line 1613]
Event: 32.721 Thread 0x000000001879f800 Exception <a 'java/lang/NoSuchMethodError': <clinit>> (0x00000000e14611b0) thrown at [D:\src\AOSP-openjdk-cygwin\jdk8u\hotspot\src\share\vm\prims\jni.cpp, line 1613]
Event: 32.721 Thread 0x000000001879f800 Exception <a 'java/lang/NoSuchMethodError': <clinit>> (0x00000000e1462f10) thrown at [D:\src\AOSP-openjdk-cygwin\jdk8u\hotspot\src\share\vm\prims\jni.cpp, line 1613]

Events (10 events):
Event: 32.698 loading class org/gradle/api/internal/artifacts/configurations/ResolveConfigurationDependenciesBuildOperationType$Result
Event: 32.698 loading class org/gradle/api/internal/artifacts/configurations/ResolveConfigurationDependenciesBuildOperationType$Result done
Event: 32.699 loading class org/gradle/internal/logging/sink/ProgressLogEventGenerator$1
Event: 32.699 loading class org/gradle/internal/logging/sink/ProgressLogEventGenerator$1 done
Event: 32.699 loading class org/gradle/tooling/internal/provider/events/DefaultOperationFinishedProgressEvent
Event: 32.699 loading class org/gradle/tooling/internal/provider/events/DefaultOperationFinishedProgressEvent done
Event: 32.700 loading class org/gradle/tooling/internal/protocol/events/InternalOperationFinishedProgressEvent
Event: 32.700 loading class org/gradle/tooling/internal/protocol/events/InternalOperationFinishedProgressEvent done
Event: 32.722 loading class org/gradle/internal/operations/notify/BuildOperationNotificationBridge$Finished
Event: 32.722 loading class org/gradle/internal/operations/notify/BuildOperationNotificationBridge$Finished done


Dynamic libraries:
0x00007ff610d10000 - 0x00007ff610d41000 	C:\Program Files\Android\Android Studio\jre\bin\java.exe
0x00007ffe604e0000 - 0x00007ffe606c1000 	C:\WINDOWS\SYSTEM32\ntdll.dll
0x00007ffe5d9d0000 - 0x00007ffe5da82000 	C:\WINDOWS\System32\KERNEL32.DLL
0x00007ffe5d3e0000 - 0x00007ffe5d653000 	C:\WINDOWS\System32\KERNELBASE.dll
0x00007ffe5e6d0000 - 0x00007ffe5e771000 	C:\WINDOWS\System32\ADVAPI32.dll
0x00007ffe5dbf0000 - 0x00007ffe5dc8e000 	C:\WINDOWS\System32\msvcrt.dll
0x00007ffe5e4e0000 - 0x00007ffe5e53b000 	C:\WINDOWS\System32\sechost.dll
0x00007ffe5e3b0000 - 0x00007ffe5e4d4000 	C:\WINDOWS\System32\RPCRT4.dll
0x00007ffe5e540000 - 0x00007ffe5e6d0000 	C:\WINDOWS\System32\USER32.dll
0x00007ffe5c8b0000 - 0x00007ffe5c8d0000 	C:\WINDOWS\System32\win32u.dll
0x00007ffe5e980000 - 0x00007ffe5e9a8000 	C:\WINDOWS\System32\GDI32.dll
0x00007ffe5d750000 - 0x00007ffe5d8e2000 	C:\WINDOWS\System32\gdi32full.dll
0x00007ffe5d6b0000 - 0x00007ffe5d74f000 	C:\WINDOWS\System32\msvcp_win.dll
0x00007ffe5cfe0000 - 0x00007ffe5d0da000 	C:\WINDOWS\System32\ucrtbase.dll
0x00007ffe4abf0000 - 0x00007ffe4ae59000 	C:\WINDOWS\WinSxS\amd64_microsoft.windows.common-controls_6595b64144ccf1df_6.0.17134.228_none_fb4599993062b194\COMCTL32.dll
0x00007ffe5e080000 - 0x00007ffe5e3a3000 	C:\WINDOWS\System32\combase.dll
0x00007ffe5d8f0000 - 0x00007ffe5d96a000 	C:\WINDOWS\System32\bcryptPrimitives.dll
0x00007ffe5dd60000 - 0x00007ffe5dd8d000 	C:\WINDOWS\System32\IMM32.DLL
0x00007ffe5b9e0000 - 0x00007ffe5ba11000 	C:\WINDOWS\SYSTEM32\ntmarta.dll
0x00007ffe5c720000 - 0x00007ffe5c750000 	C:\WINDOWS\SYSTEM32\SspiCli.dll
0x0000000054990000 - 0x0000000054a62000 	C:\Program Files\Android\Android Studio\jre\jre\bin\msvcr100.dll
0x0000000054a70000 - 0x00000000552af000 	C:\Program Files\Android\Android Studio\jre\jre\bin\server\jvm.dll
0x00007ffe5db10000 - 0x00007ffe5db18000 	C:\WINDOWS\System32\PSAPI.DLL
0x00007ffe5a200000 - 0x00007ffe5a223000 	C:\WINDOWS\SYSTEM32\WINMM.dll
0x00007ffe55220000 - 0x00007ffe55229000 	C:\WINDOWS\SYSTEM32\WSOCK32.dll
0x00007ffe5dc90000 - 0x00007ffe5dcfc000 	C:\WINDOWS\System32\WS2_32.dll
0x00007ffe55470000 - 0x00007ffe5547a000 	C:\WINDOWS\SYSTEM32\VERSION.dll
0x00007ffe5a1d0000 - 0x00007ffe5a1fa000 	C:\WINDOWS\SYSTEM32\WINMMBASE.dll
0x00007ffe5d660000 - 0x00007ffe5d6a9000 	C:\WINDOWS\System32\cfgmgr32.dll
0x00007ffe551f0000 - 0x00007ffe551ff000 	C:\Program Files\Android\Android Studio\jre\jre\bin\verify.dll
0x00007ffe4d2a0000 - 0x00007ffe4d2c9000 	C:\Program Files\Android\Android Studio\jre\jre\bin\java.dll
0x00007ffe51be0000 - 0x00007ffe51bf6000 	C:\Program Files\Android\Android Studio\jre\jre\bin\zip.dll
0x00007ffe5ea60000 - 0x00007ffe5fea0000 	C:\WINDOWS\System32\SHELL32.dll
0x00007ffe5e9b0000 - 0x00007ffe5ea59000 	C:\WINDOWS\System32\shcore.dll
0x00007ffe5c8d0000 - 0x00007ffe5cfdd000 	C:\WINDOWS\System32\windows.storage.dll
0x00007ffe5dd00000 - 0x00007ffe5dd51000 	C:\WINDOWS\System32\shlwapi.dll
0x00007ffe5c870000 - 0x00007ffe5c881000 	C:\WINDOWS\System32\kernel.appcore.dll
0x00007ffe5c890000 - 0x00007ffe5c8af000 	C:\WINDOWS\System32\profapi.dll
0x00007ffe5c7f0000 - 0x00007ffe5c83c000 	C:\WINDOWS\System32\powrprof.dll
0x00007ffe5c840000 - 0x00007ffe5c84a000 	C:\WINDOWS\System32\FLTLIB.DLL
0x00007ffe51470000 - 0x00007ffe5148a000 	C:\Program Files\Android\Android Studio\jre\jre\bin\net.dll
0x00007ffe5c010000 - 0x00007ffe5c076000 	C:\WINDOWS\system32\mswsock.dll
0x00007ffe50440000 - 0x00007ffe50451000 	C:\Program Files\Android\Android Studio\jre\jre\bin\nio.dll
0x00007ffe51630000 - 0x00007ffe5164e000 	C:\Users\Admin\.gradle\native\25\windows-amd64\native-platform.dll
0x00007ffe51d10000 - 0x00007ffe51d1d000 	C:\Program Files\Android\Android Studio\jre\jre\bin\management.dll
0x00007ffe5c1d0000 - 0x00007ffe5c1e7000 	C:\WINDOWS\SYSTEM32\CRYPTSP.dll
0x00007ffe5bbf0000 - 0x00007ffe5bc23000 	C:\WINDOWS\system32\rsaenh.dll
0x00007ffe5c2f0000 - 0x00007ffe5c315000 	C:\WINDOWS\SYSTEM32\bcrypt.dll
0x00007ffe5c6f0000 - 0x00007ffe5c718000 	C:\WINDOWS\SYSTEM32\USERENV.dll
0x00007ffe5c1c0000 - 0x00007ffe5c1cb000 	C:\WINDOWS\SYSTEM32\CRYPTBASE.dll
0x00007ffe5bd90000 - 0x00007ffe5bdc8000 	C:\WINDOWS\SYSTEM32\IPHLPAPI.DLL
0x00007ffe5fea0000 - 0x00007ffe5fea8000 	C:\WINDOWS\System32\NSI.dll
0x00007ffe54900000 - 0x00007ffe54916000 	C:\WINDOWS\SYSTEM32\dhcpcsvc6.DLL
0x00007ffe55100000 - 0x00007ffe5511a000 	C:\WINDOWS\SYSTEM32\dhcpcsvc.DLL

VM Arguments:
jvm_args: -Xmx1536m -Dfile.encoding=windows-1252 -Duser.country=ID -Duser.language=en -Duser.variant 
java_command: org.gradle.launcher.daemon.bootstrap.GradleDaemon 4.4
java_class_path (initial): C:\Users\Admin\.gradle\wrapper\dists\gradle-4.4-all\9br9xq1tocpiv8o6njlyu5op1\gradle-4.4\lib\gradle-launcher-4.4.jar
Launcher Type: SUN_STANDARD

Environment Variables:
JAVA_HOME=C:\Program Files\Java\jdk1.8.0_101
PATH=C:\Program Files (x86)\Common Files\Intel\Shared Files\cpp\bin\Intel64;C:\ProgramData\Oracle\Java\javapath;C:\Windows\system32;C:\Windows;C:\Windows\System32\Wbem;C:\Windows\System32\WindowsPowerShell\v1.0\;C:\Program Files (x86)\NVIDIA Corporation\PhysX\Common;C:\Program Files\Common Files\Autodesk Shared\;C:\Program Files (x86)\GtkSharp\2.12\bin;C:\WINDOWS\system32;C:\WINDOWS;C:\WINDOWS\System32\Wbem;C:\WINDOWS\System32\WindowsPowerShell\v1.0\;C:\xampp\php;C:\Program Files\Microsoft SQL Server\120\Tools\Binn\;C:\xamp\php;C:\ProgramData\ComposerSetup\bin;C:\Program Files\nodejs\;C:\Program Files (x86)\Windows Kits\8.1\Windows Performance Toolkit\;C:\Users\Admin\AppData\Local\Android\sdk\platform-tools;C:\Program Files\Git\cmd;C:\WINDOWS\System32\OpenSSH\;C:\Program Files\TortoiseSVN\bin;C:\mongoDb\bin;C:\Program Files\Microsoft VS Code\bin
USERNAME=Admin
OS=Windows_NT
PROCESSOR_IDENTIFIER=Intel64 Family 6 Model 142 Stepping 9, GenuineIntel



---------------  S Y S T E M  ---------------

OS: Windows 10.0 , 64 bit Build 17134 (10.0.17134.1)

CPU:total 4 (initial active 4) (2 cores per cpu, 2 threads per core) family 6 model 142 stepping 9, cmov, cx8, fxsr, mmx, sse, sse2, sse3, ssse3, sse4.1, sse4.2, popcnt, avx, avx2, aes, clmul, erms, 3dnowpref, lzcnt, ht, tsc, tscinvbit, bmi1, bmi2, adx

Memory: 4k page, physical 8286348k(439152k free), swap 33452172k(4148k free)

vm_info: OpenJDK 64-Bit Server VM (25.152-b02) for windows-amd64 JRE (1.8.0_152-release-1024-b02), built by "builder" with MS VC++ 10.0 (VS2010)

time: Sat Sep 01 20:04:56 2018
elapsed time: 32 seconds (0d 0h 0m 32s)

