#
# There is insufficient memory for the Java Runtime Environment to continue.
# Native memory allocation (malloc) failed to allocate 1980960 bytes for Chunk::new
# Possible reasons:
#   The system is out of physical RAM or swap space
#   In 32 bit mode, the process size limit was hit
# Possible solutions:
#   Reduce memory load on the system
#   Increase physical memory or swap space
#   Check if swap backing store is full
#   Use 64 bit Java on a 64 bit OS
#   Decrease Java heap size (-Xmx/-Xms)
#   Decrease number of Java threads
#   Decrease Java thread stack sizes (-Xss)
#   Set larger code cache with -XX:ReservedCodeCacheSize=
# This output file may be truncated or incomplete.
#
#  Out of Memory Error (allocation.cpp:390), pid=14412, tid=0x0000000000007784
#
# JRE version: OpenJDK Runtime Environment (8.0_152-b02) (build 1.8.0_152-release-1024-b02)
# Java VM: OpenJDK 64-Bit Server VM (25.152-b02 mixed mode windows-amd64 compressed oops)
# Failed to write core dump. Minidumps are not enabled by default on client versions of Windows
#

---------------  T H R E A D  ---------------

Current thread (0x0000000015dcf000):  JavaThread "C2 CompilerThread0" daemon [_thread_in_native, id=30596, stack(0x0000000017410000,0x0000000017510000)]

Stack: [0x0000000017410000,0x0000000017510000]
[error occurred during error reporting (printing stack bounds), id 0xc0000005]

Native frames: (J=compiled Java code, j=interpreted, Vv=VM code, C=native code)


Current CompileTask:
C2:   4145 1327       4       java.net.URLClassLoader$1::run (5 bytes)


---------------  P R O C E S S  ---------------

Java Threads: ( => current thread )
  0x00000000194de800 JavaThread "Cache worker for file hash cache (D:\projek\Projek Android\Freelancer\uny_code\schedule_uny\.gradle\4.4\fileHashes)" [_thread_blocked, id=15156, stack(0x000000001b930000,0x000000001ba30000)]
  0x0000000018f98000 JavaThread "File lock request listener" [_thread_in_native, id=3692, stack(0x000000001a860000,0x000000001a960000)]
  0x0000000018ae0800 JavaThread "Cache worker for file hash cache (C:\Users\Admin\.gradle\caches\4.4\fileHashes)" [_thread_blocked, id=3672, stack(0x000000001a760000,0x000000001a860000)]
  0x00000000190a7800 JavaThread "Stdin handler" [_thread_blocked, id=24796, stack(0x000000001a460000,0x000000001a560000)]
  0x00000000190a6800 JavaThread "Asynchronous log dispatcher for DefaultDaemonConnection: socket connection from /127.0.0.1:6034 to /127.0.0.1:6035" [_thread_blocked, id=9044, stack(0x000000001a360000,0x000000001a460000)]
  0x00000000190a3800 JavaThread "Daemon worker" [_thread_in_Java, id=32048, stack(0x000000001a260000,0x000000001a360000)]
  0x00000000190af000 JavaThread "Cancel handler" [_thread_blocked, id=25148, stack(0x000000001a160000,0x000000001a260000)]
  0x0000000018b61800 JavaThread "Handler for socket connection from /127.0.0.1:6034 to /127.0.0.1:6035" [_thread_in_native, id=11980, stack(0x0000000019e60000,0x0000000019f60000)]
  0x0000000018b5c800 JavaThread "Daemon" [_thread_blocked, id=1568, stack(0x0000000019d60000,0x0000000019e60000)]
  0x0000000018f1f800 JavaThread "Daemon periodic checks" [_thread_blocked, id=28864, stack(0x0000000019c60000,0x0000000019d60000)]
  0x000000001897a000 JavaThread "Incoming local TCP Connector on port 6034" [_thread_in_native, id=20156, stack(0x0000000019a20000,0x0000000019b20000)]
  0x0000000017738800 JavaThread "Service Thread" daemon [_thread_blocked, id=10516, stack(0x0000000017b10000,0x0000000017c10000)]
  0x0000000015de2800 JavaThread "C1 CompilerThread2" daemon [_thread_in_native, id=8544, stack(0x0000000017610000,0x0000000017710000)]
  0x0000000015dd7000 JavaThread "C2 CompilerThread1" daemon [_thread_in_native, id=19592, stack(0x0000000017510000,0x0000000017610000)]
=>0x0000000015dcf000 JavaThread "C2 CompilerThread0" daemon [_thread_in_native, id=30596, stack(0x0000000017410000,0x0000000017510000)]
  0x0000000015dcd800 JavaThread "Attach Listener" daemon [_thread_blocked, id=11660, stack(0x0000000017310000,0x0000000017410000)]
  0x0000000015dca800 JavaThread "Signal Dispatcher" daemon [_thread_blocked, id=17116, stack(0x0000000017210000,0x0000000017310000)]
  0x0000000015db8000 JavaThread "Finalizer" daemon [_thread_blocked, id=6608, stack(0x0000000017020000,0x0000000017120000)]
  0x0000000002452000 JavaThread "Reference Handler" daemon [_thread_blocked, id=32912, stack(0x0000000016f20000,0x0000000017020000)]
  0x0000000002362800 JavaThread "main" [_thread_blocked, id=14588, stack(0x0000000002200000,0x0000000002300000)]

Other Threads:
  0x0000000015d96800 VMThread [stack: 0x0000000016e20000,0x0000000016f20000] [id=33948]
  0x0000000017739800 WatcherThread [stack: 0x0000000017c10000,0x0000000017d10000] [id=18132]

VM state:not at safepoint (normal execution)

VM Mutex/Monitor currently owned by a thread: None

Heap:
 PSYoungGen      total 71680K, used 11952K [0x00000000e0000000, 0x00000000e4b00000, 0x0000000100000000)
  eden space 66560K, 10% used [0x00000000e0000000,0x00000000e06b43c8,0x00000000e4100000)
  from space 5120K, 99% used [0x00000000e4600000,0x00000000e4af8020,0x00000000e4b00000)
  to   space 5120K, 0% used [0x00000000e4100000,0x00000000e4100000,0x00000000e4600000)
 ParOldGen       total 87552K, used 6150K [0x00000000a0000000, 0x00000000a5580000, 0x00000000e0000000)
  object space 87552K, 7% used [0x00000000a0000000,0x00000000a06019c0,0x00000000a5580000)
 Metaspace       used 18932K, capacity 19290K, committed 19456K, reserved 1067008K
  class space    used 2640K, capacity 2761K, committed 2816K, reserved 1048576K

Card table byte_map: [0x0000000011820000,0x0000000011b30000] byte_map_base: 0x0000000011320000

Marking Bits: (ParMarkBitMap*) 0x0000000055234970
 Begin Bits: [0x0000000012130000, 0x0000000013930000)
 End Bits:   [0x0000000013930000, 0x0000000015130000)

Polling page: 0x0000000000440000

CodeCache: size=245760Kb used=5289Kb max_used=5289Kb free=240470Kb
 bounds [0x0000000002460000, 0x0000000002990000, 0x0000000011460000]
 total_blobs=1981 nmethods=1601 adapters=293
 compilation: enabled

Compilation events (10 events):
Event: 4.035 Thread 0x0000000015de2800 1586       3       java.lang.ref.SoftReference::<init> (14 bytes)
Event: 4.035 Thread 0x0000000015de2800 nmethod 1586 0x000000000297fdd0 code [0x000000000297ff40, 0x00000000029801f0]
Event: 4.035 Thread 0x0000000015de2800 1587   !   3       org.codehaus.groovy.util.LazyReference::getLocked (85 bytes)
Event: 4.036 Thread 0x0000000015de2800 nmethod 1587 0x00000000029802d0 code [0x0000000002980520, 0x00000000029816f8]
Event: 4.039 Thread 0x0000000015de2800 1591       3       java.lang.Class::copyMethods (36 bytes)
Event: 4.040 Thread 0x0000000015de2800 nmethod 1591 0x0000000002981d90 code [0x0000000002981f80, 0x0000000002982978]
Event: 4.040 Thread 0x0000000015de2800 1592       3       org.codehaus.groovy.reflection.CachedClass::getInterfaces (11 bytes)
Event: 4.040 Thread 0x0000000015de2800 nmethod 1592 0x0000000002982e90 code [0x0000000002983000, 0x0000000002983308]
Event: 4.040 Thread 0x0000000015de2800 1593       3       org.codehaus.groovy.util.ReferenceType$1::createReference (11 bytes)
Event: 4.041 Thread 0x0000000015de2800 nmethod 1593 0x00000000029833d0 code [0x0000000002983560, 0x0000000002983950]

GC Heap History (8 events):
Event: 0.993 GC heap before
{Heap before GC invocations=1 (full 0):
 PSYoungGen      total 38400K, used 33280K [0x00000000e0000000, 0x00000000e2a80000, 0x0000000100000000)
  eden space 33280K, 100% used [0x00000000e0000000,0x00000000e2080000,0x00000000e2080000)
  from space 5120K, 0% used [0x00000000e2580000,0x00000000e2580000,0x00000000e2a80000)
  to   space 5120K, 0% used [0x00000000e2080000,0x00000000e2080000,0x00000000e2580000)
 ParOldGen       total 87552K, used 0K [0x00000000a0000000, 0x00000000a5580000, 0x00000000e0000000)
  object space 87552K, 0% used [0x00000000a0000000,0x00000000a0000000,0x00000000a5580000)
 Metaspace       used 6888K, capacity 7038K, committed 7168K, reserved 1056768K
  class space    used 840K, capacity 907K, committed 1024K, reserved 1048576K
Event: 1.001 GC heap after
Heap after GC invocations=1 (full 0):
 PSYoungGen      total 38400K, used 4182K [0x00000000e0000000, 0x00000000e2a80000, 0x0000000100000000)
  eden space 33280K, 0% used [0x00000000e0000000,0x00000000e0000000,0x00000000e2080000)
  from space 5120K, 81% used [0x00000000e2080000,0x00000000e2495b10,0x00000000e2580000)
  to   space 5120K, 0% used [0x00000000e2580000,0x00000000e2580000,0x00000000e2a80000)
 ParOldGen       total 87552K, used 8K [0x00000000a0000000, 0x00000000a5580000, 0x00000000e0000000)
  object space 87552K, 0% used [0x00000000a0000000,0x00000000a0002000,0x00000000a5580000)
 Metaspace       used 6888K, capacity 7038K, committed 7168K, reserved 1056768K
  class space    used 840K, capacity 907K, committed 1024K, reserved 1048576K
}
Event: 2.893 GC heap before
{Heap before GC invocations=2 (full 0):
 PSYoungGen      total 38400K, used 37462K [0x00000000e0000000, 0x00000000e2a80000, 0x0000000100000000)
  eden space 33280K, 100% used [0x00000000e0000000,0x00000000e2080000,0x00000000e2080000)
  from space 5120K, 81% used [0x00000000e2080000,0x00000000e2495b10,0x00000000e2580000)
  to   space 5120K, 0% used [0x00000000e2580000,0x00000000e2580000,0x00000000e2a80000)
 ParOldGen       total 87552K, used 8K [0x00000000a0000000, 0x00000000a5580000, 0x00000000e0000000)
  object space 87552K, 0% used [0x00000000a0000000,0x00000000a0002000,0x00000000a5580000)
 Metaspace       used 11617K, capacity 11952K, committed 12160K, reserved 1060864K
  class space    used 1533K, capacity 1638K, committed 1664K, reserved 1048576K
Event: 2.900 GC heap after
Heap after GC invocations=2 (full 0):
 PSYoungGen      total 38400K, used 5101K [0x00000000e0000000, 0x00000000e2a80000, 0x0000000100000000)
  eden space 33280K, 0% used [0x00000000e0000000,0x00000000e0000000,0x00000000e2080000)
  from space 5120K, 99% used [0x00000000e2580000,0x00000000e2a7b5a0,0x00000000e2a80000)
  to   space 5120K, 0% used [0x00000000e2080000,0x00000000e2080000,0x00000000e2580000)
 ParOldGen       total 87552K, used 576K [0x00000000a0000000, 0x00000000a5580000, 0x00000000e0000000)
  object space 87552K, 0% used [0x00000000a0000000,0x00000000a00902f8,0x00000000a5580000)
 Metaspace       used 11617K, capacity 11952K, committed 12160K, reserved 1060864K
  class space    used 1533K, capacity 1638K, committed 1664K, reserved 1048576K
}
Event: 3.327 GC heap before
{Heap before GC invocations=3 (full 0):
 PSYoungGen      total 38400K, used 38381K [0x00000000e0000000, 0x00000000e2a80000, 0x0000000100000000)
  eden space 33280K, 100% used [0x00000000e0000000,0x00000000e2080000,0x00000000e2080000)
  from space 5120K, 99% used [0x00000000e2580000,0x00000000e2a7b5a0,0x00000000e2a80000)
  to   space 5120K, 0% used [0x00000000e2080000,0x00000000e2080000,0x00000000e2580000)
 ParOldGen       total 87552K, used 576K [0x00000000a0000000, 0x00000000a5580000, 0x00000000e0000000)
  object space 87552K, 0% used [0x00000000a0000000,0x00000000a00902f8,0x00000000a5580000)
 Metaspace       used 14410K, capacity 14748K, committed 14976K, reserved 1062912K
  class space    used 2016K, capacity 2148K, committed 2176K, reserved 1048576K
Event: 3.337 GC heap after
Heap after GC invocations=3 (full 0):
 PSYoungGen      total 38400K, used 5088K [0x00000000e0000000, 0x00000000e4b00000, 0x0000000100000000)
  eden space 33280K, 0% used [0x00000000e0000000,0x00000000e0000000,0x00000000e2080000)
  from space 5120K, 99% used [0x00000000e2080000,0x00000000e25781c8,0x00000000e2580000)
  to   space 5120K, 0% used [0x00000000e4600000,0x00000000e4600000,0x00000000e4b00000)
 ParOldGen       total 87552K, used 2599K [0x00000000a0000000, 0x00000000a5580000, 0x00000000e0000000)
  object space 87552K, 2% used [0x00000000a0000000,0x00000000a0289e78,0x00000000a5580000)
 Metaspace       used 14410K, capacity 14748K, committed 14976K, reserved 1062912K
  class space    used 2016K, capacity 2148K, committed 2176K, reserved 1048576K
}
Event: 3.973 GC heap before
{Heap before GC invocations=4 (full 0):
 PSYoungGen      total 38400K, used 38368K [0x00000000e0000000, 0x00000000e4b00000, 0x0000000100000000)
  eden space 33280K, 100% used [0x00000000e0000000,0x00000000e2080000,0x00000000e2080000)
  from space 5120K, 99% used [0x00000000e2080000,0x00000000e25781c8,0x00000000e2580000)
  to   space 5120K, 0% used [0x00000000e4600000,0x00000000e4600000,0x00000000e4b00000)
 ParOldGen       total 87552K, used 2599K [0x00000000a0000000, 0x00000000a5580000, 0x00000000e0000000)
  object space 87552K, 2% used [0x00000000a0000000,0x00000000a0289e78,0x00000000a5580000)
 Metaspace       used 17817K, capacity 18170K, committed 18304K, reserved 1064960K
  class space    used 2548K, capacity 2665K, committed 2688K, reserved 1048576K
Event: 3.993 GC heap after
Heap after GC invocations=4 (full 0):
 PSYoungGen      total 71680K, used 5088K [0x00000000e0000000, 0x00000000e4b00000, 0x0000000100000000)
  eden space 66560K, 0% used [0x00000000e0000000,0x00000000e0000000,0x00000000e4100000)
  from space 5120K, 99% used [0x00000000e4600000,0x00000000e4af8020,0x00000000e4b00000)
  to   space 5120K, 0% used [0x00000000e4100000,0x00000000e4100000,0x00000000e4600000)
 ParOldGen       total 87552K, used 6150K [0x00000000a0000000, 0x00000000a5580000, 0x00000000e0000000)
  object space 87552K, 7% used [0x00000000a0000000,0x00000000a06019c0,0x00000000a5580000)
 Metaspace       used 17817K, capacity 18170K, committed 18304K, reserved 1064960K
  class space    used 2548K, capacity 2665K, committed 2688K, reserved 1048576K
}

Deoptimization events (10 events):
Event: 1.279 Thread 0x0000000002362800 Uncommon trap: reason=bimorphic action=maybe_recompile pc=0x0000000002771870 method=java.util.HashMap.putVal(ILjava/lang/Object;Ljava/lang/Object;ZZ)Ljava/lang/Object; @ 91
Event: 1.799 Thread 0x0000000002362800 Uncommon trap: reason=unstable_if action=reinterpret pc=0x000000000273ed64 method=java.io.WinNTFileSystem.normalize(Ljava/lang/String;)Ljava/lang/String; @ 128
Event: 1.799 Thread 0x0000000002362800 Uncommon trap: reason=unstable_if action=reinterpret pc=0x000000000277da58 method=java.io.WinNTFileSystem.normalize(Ljava/lang/String;II)Ljava/lang/String; @ 90
Event: 2.881 Thread 0x0000000018b61800 Uncommon trap: reason=unstable_if action=reinterpret pc=0x00000000027edae0 method=java.util.concurrent.ConcurrentHashMap.putVal(Ljava/lang/Object;Ljava/lang/Object;Z)Ljava/lang/Object; @ 206
Event: 2.977 Thread 0x00000000190a3800 Uncommon trap: reason=class_check action=maybe_recompile pc=0x00000000026d959c method=java.util.regex.Matcher.match(II)Z @ 86
Event: 3.243 Thread 0x00000000190a3800 Uncommon trap: reason=class_check action=maybe_recompile pc=0x00000000026d959c method=java.util.regex.Matcher.match(II)Z @ 86
Event: 3.322 Thread 0x00000000190a3800 Uncommon trap: reason=unstable_if action=reinterpret pc=0x00000000028b72f4 method=java.lang.String.lastIndexOf([CII[CIII)I @ 66
Event: 3.394 Thread 0x00000000190a3800 Uncommon trap: reason=unstable_if action=reinterpret pc=0x00000000025b6e08 method=java.net.URI.match(CJJ)Z @ 19
Event: 3.394 Thread 0x00000000190a3800 Uncommon trap: reason=unstable_if action=reinterpret pc=0x000000000270c680 method=java.net.URI.match(CJJ)Z @ 19
Event: 3.744 Thread 0x00000000190a3800 Uncommon trap: reason=unstable_if action=reinterpret pc=0x0000000002701898 method=java.io.File.getName()Ljava/lang/String; @ 16

Classes redefined (0 events):
No events

Internal exceptions (10 events):
Event: 2.917 Thread 0x0000000018b61800 Exception <a 'java/lang/NoSuchMethodError': <clinit>> (0x00000000e00bf8e0) thrown at [D:\src\AOSP-openjdk-cygwin\jdk8u\hotspot\src\share\vm\prims\jni.cpp, line 1613]
Event: 2.925 Thread 0x0000000018b61800 Exception <a 'java/lang/NoSuchMethodError': <clinit>> (0x00000000e00f57c0) thrown at [D:\src\AOSP-openjdk-cygwin\jdk8u\hotspot\src\share\vm\prims\jni.cpp, line 1613]
Event: 2.927 Thread 0x0000000018b61800 Exception <a 'java/lang/NoSuchMethodError': <clinit>> (0x00000000e01033e0) thrown at [D:\src\AOSP-openjdk-cygwin\jdk8u\hotspot\src\share\vm\prims\jni.cpp, line 1613]
Event: 2.932 Thread 0x0000000018b61800 Exception <a 'java/lang/NoSuchMethodError': <clinit>> (0x00000000e0128be8) thrown at [D:\src\AOSP-openjdk-cygwin\jdk8u\hotspot\src\share\vm\prims\jni.cpp, line 1613]
Event: 2.952 Thread 0x00000000190a3800 Exception <a 'java/lang/NoSuchMethodError': <clinit>> (0x00000000e029cad0) thrown at [D:\src\AOSP-openjdk-cygwin\jdk8u\hotspot\src\share\vm\prims\jni.cpp, line 1613]
Event: 2.953 Thread 0x00000000190a3800 Exception <a 'java/lang/NoSuchMethodError': <clinit>> (0x00000000e02a4d58) thrown at [D:\src\AOSP-openjdk-cygwin\jdk8u\hotspot\src\share\vm\prims\jni.cpp, line 1613]
Event: 3.768 Thread 0x00000000190a3800 Exception <a 'java/lang/NoSuchMethodError': <clinit>> (0x00000000e17556d8) thrown at [D:\src\AOSP-openjdk-cygwin\jdk8u\hotspot\src\share\vm\prims\jni.cpp, line 1613]
Event: 3.769 Thread 0x00000000190a3800 Exception <a 'java/lang/NoSuchMethodError': <clinit>> (0x00000000e1758078) thrown at [D:\src\AOSP-openjdk-cygwin\jdk8u\hotspot\src\share\vm\prims\jni.cpp, line 1613]
Event: 3.771 Thread 0x00000000190a3800 Exception <a 'java/lang/NoSuchMethodError': <clinit>> (0x00000000e1765668) thrown at [D:\src\AOSP-openjdk-cygwin\jdk8u\hotspot\src\share\vm\prims\jni.cpp, line 1613]
Event: 3.773 Thread 0x00000000190a3800 Exception <a 'java/lang/NoSuchMethodError': <clinit>> (0x00000000e1770de8) thrown at [D:\src\AOSP-openjdk-cygwin\jdk8u\hotspot\src\share\vm\prims\jni.cpp, line 1613]

Events (10 events):
Event: 4.099 loading class org/codehaus/groovy/runtime/dgmimpl/arrays/BooleanArrayPutAtMetaMethod
Event: 4.099 loading class org/codehaus/groovy/runtime/dgmimpl/arrays/BooleanArrayPutAtMetaMethod done
Event: 4.100 loading class org/codehaus/groovy/runtime/dgmimpl/arrays/ByteArrayGetAtMetaMethod
Event: 4.100 loading class org/codehaus/groovy/runtime/dgmimpl/arrays/ByteArrayGetAtMetaMethod done
Event: 4.101 loading class org/codehaus/groovy/runtime/dgmimpl/arrays/ByteArrayPutAtMetaMethod
Event: 4.101 loading class org/codehaus/groovy/runtime/dgmimpl/arrays/ByteArrayPutAtMetaMethod done
Event: 4.101 loading class org/codehaus/groovy/runtime/dgmimpl/arrays/CharacterArrayGetAtMetaMethod
Event: 4.101 loading class org/codehaus/groovy/runtime/dgmimpl/arrays/CharacterArrayGetAtMetaMethod done
Event: 4.101 loading class org/codehaus/groovy/runtime/dgmimpl/arrays/CharacterArrayPutAtMetaMethod
Event: 4.101 loading class org/codehaus/groovy/runtime/dgmimpl/arrays/CharacterArrayPutAtMetaMethod done


Dynamic libraries:
0x00007ff610d10000 - 0x00007ff610d41000 	C:\Program Files\Android\Android Studio\jre\bin\java.exe
0x00007ffe604e0000 - 0x00007ffe606c1000 	C:\WINDOWS\SYSTEM32\ntdll.dll
0x00007ffe5d9d0000 - 0x00007ffe5da82000 	C:\WINDOWS\System32\KERNEL32.DLL
0x00007ffe5d3e0000 - 0x00007ffe5d653000 	C:\WINDOWS\System32\KERNELBASE.dll
0x00007ffe5e6d0000 - 0x00007ffe5e771000 	C:\WINDOWS\System32\ADVAPI32.dll
0x00007ffe5dbf0000 - 0x00007ffe5dc8e000 	C:\WINDOWS\System32\msvcrt.dll
0x00007ffe5e4e0000 - 0x00007ffe5e53b000 	C:\WINDOWS\System32\sechost.dll
0x00007ffe5e3b0000 - 0x00007ffe5e4d4000 	C:\WINDOWS\System32\RPCRT4.dll
0x00007ffe5e540000 - 0x00007ffe5e6d0000 	C:\WINDOWS\System32\USER32.dll
0x00007ffe5c8b0000 - 0x00007ffe5c8d0000 	C:\WINDOWS\System32\win32u.dll
0x00007ffe5e980000 - 0x00007ffe5e9a8000 	C:\WINDOWS\System32\GDI32.dll
0x00007ffe5d750000 - 0x00007ffe5d8e2000 	C:\WINDOWS\System32\gdi32full.dll
0x00007ffe5d6b0000 - 0x00007ffe5d74f000 	C:\WINDOWS\System32\msvcp_win.dll
0x00007ffe5cfe0000 - 0x00007ffe5d0da000 	C:\WINDOWS\System32\ucrtbase.dll
0x00007ffe4abf0000 - 0x00007ffe4ae59000 	C:\WINDOWS\WinSxS\amd64_microsoft.windows.common-controls_6595b64144ccf1df_6.0.17134.228_none_fb4599993062b194\COMCTL32.dll
0x00007ffe5e080000 - 0x00007ffe5e3a3000 	C:\WINDOWS\System32\combase.dll
0x00007ffe5d8f0000 - 0x00007ffe5d96a000 	C:\WINDOWS\System32\bcryptPrimitives.dll
0x00007ffe5dd60000 - 0x00007ffe5dd8d000 	C:\WINDOWS\System32\IMM32.DLL
0x00007ffe5b9e0000 - 0x00007ffe5ba11000 	C:\WINDOWS\SYSTEM32\ntmarta.dll
0x00007ffe5c720000 - 0x00007ffe5c750000 	C:\WINDOWS\SYSTEM32\SspiCli.dll
0x0000000054990000 - 0x0000000054a62000 	C:\Program Files\Android\Android Studio\jre\jre\bin\msvcr100.dll
0x0000000054a70000 - 0x00000000552af000 	C:\Program Files\Android\Android Studio\jre\jre\bin\server\jvm.dll
0x00007ffe5db10000 - 0x00007ffe5db18000 	C:\WINDOWS\System32\PSAPI.DLL
0x00007ffe55220000 - 0x00007ffe55229000 	C:\WINDOWS\SYSTEM32\WSOCK32.dll
0x00007ffe5dc90000 - 0x00007ffe5dcfc000 	C:\WINDOWS\System32\WS2_32.dll
0x00007ffe5a200000 - 0x00007ffe5a223000 	C:\WINDOWS\SYSTEM32\WINMM.dll
0x00007ffe55470000 - 0x00007ffe5547a000 	C:\WINDOWS\SYSTEM32\VERSION.dll
0x00007ffe5a1d0000 - 0x00007ffe5a1fa000 	C:\WINDOWS\SYSTEM32\winmmbase.dll
0x00007ffe5d660000 - 0x00007ffe5d6a9000 	C:\WINDOWS\System32\cfgmgr32.dll
0x00007ffe551f0000 - 0x00007ffe551ff000 	C:\Program Files\Android\Android Studio\jre\jre\bin\verify.dll
0x00007ffe4d2a0000 - 0x00007ffe4d2c9000 	C:\Program Files\Android\Android Studio\jre\jre\bin\java.dll
0x00007ffe51be0000 - 0x00007ffe51bf6000 	C:\Program Files\Android\Android Studio\jre\jre\bin\zip.dll
0x00007ffe5ea60000 - 0x00007ffe5fea0000 	C:\WINDOWS\System32\SHELL32.dll
0x00007ffe5e9b0000 - 0x00007ffe5ea59000 	C:\WINDOWS\System32\shcore.dll
0x00007ffe5c8d0000 - 0x00007ffe5cfdd000 	C:\WINDOWS\System32\windows.storage.dll
0x00007ffe5dd00000 - 0x00007ffe5dd51000 	C:\WINDOWS\System32\shlwapi.dll
0x00007ffe5c870000 - 0x00007ffe5c881000 	C:\WINDOWS\System32\kernel.appcore.dll
0x00007ffe5c890000 - 0x00007ffe5c8af000 	C:\WINDOWS\System32\profapi.dll
0x00007ffe5c7f0000 - 0x00007ffe5c83c000 	C:\WINDOWS\System32\powrprof.dll
0x00007ffe5c840000 - 0x00007ffe5c84a000 	C:\WINDOWS\System32\FLTLIB.DLL
0x00007ffe51470000 - 0x00007ffe5148a000 	C:\Program Files\Android\Android Studio\jre\jre\bin\net.dll
0x00007ffe5c010000 - 0x00007ffe5c076000 	C:\WINDOWS\system32\mswsock.dll
0x00007ffe50440000 - 0x00007ffe50451000 	C:\Program Files\Android\Android Studio\jre\jre\bin\nio.dll
0x00007ffe51630000 - 0x00007ffe5164e000 	C:\Users\Admin\.gradle\native\25\windows-amd64\native-platform.dll
0x00007ffe51d10000 - 0x00007ffe51d1d000 	C:\Program Files\Android\Android Studio\jre\jre\bin\management.dll
0x00007ffe5c1d0000 - 0x00007ffe5c1e7000 	C:\WINDOWS\SYSTEM32\CRYPTSP.dll
0x00007ffe5bbf0000 - 0x00007ffe5bc23000 	C:\WINDOWS\system32\rsaenh.dll
0x00007ffe5c2f0000 - 0x00007ffe5c315000 	C:\WINDOWS\SYSTEM32\bcrypt.dll
0x00007ffe5c6f0000 - 0x00007ffe5c718000 	C:\WINDOWS\SYSTEM32\USERENV.dll
0x00007ffe5c1c0000 - 0x00007ffe5c1cb000 	C:\WINDOWS\SYSTEM32\CRYPTBASE.dll
0x00007ffe5bd90000 - 0x00007ffe5bdc8000 	C:\WINDOWS\SYSTEM32\IPHLPAPI.DLL
0x00007ffe5fea0000 - 0x00007ffe5fea8000 	C:\WINDOWS\System32\NSI.dll
0x00007ffe54900000 - 0x00007ffe54916000 	C:\WINDOWS\SYSTEM32\dhcpcsvc6.DLL
0x00007ffe55100000 - 0x00007ffe5511a000 	C:\WINDOWS\SYSTEM32\dhcpcsvc.DLL

VM Arguments:
jvm_args: -Xmx1536m -Dfile.encoding=windows-1252 -Duser.country=ID -Duser.language=en -Duser.variant 
java_command: org.gradle.launcher.daemon.bootstrap.GradleDaemon 4.4
java_class_path (initial): C:\Users\Admin\.gradle\wrapper\dists\gradle-4.4-all\9br9xq1tocpiv8o6njlyu5op1\gradle-4.4\lib\gradle-launcher-4.4.jar
Launcher Type: SUN_STANDARD

Environment Variables:
JAVA_HOME=C:\Program Files\Java\jdk1.8.0_101
PATH=C:\Program Files (x86)\Common Files\Intel\Shared Files\cpp\bin\Intel64;C:\ProgramData\Oracle\Java\javapath;C:\Windows\system32;C:\Windows;C:\Windows\System32\Wbem;C:\Windows\System32\WindowsPowerShell\v1.0\;C:\Program Files (x86)\NVIDIA Corporation\PhysX\Common;C:\Program Files\Common Files\Autodesk Shared\;C:\Program Files (x86)\GtkSharp\2.12\bin;C:\WINDOWS\system32;C:\WINDOWS;C:\WINDOWS\System32\Wbem;C:\WINDOWS\System32\WindowsPowerShell\v1.0\;C:\xampp\php;C:\Program Files\Microsoft SQL Server\120\Tools\Binn\;C:\xamp\php;C:\ProgramData\ComposerSetup\bin;C:\Program Files\nodejs\;C:\Program Files (x86)\Windows Kits\8.1\Windows Performance Toolkit\;C:\Users\Admin\AppData\Local\Android\sdk\platform-tools;C:\Program Files\Git\cmd;C:\WINDOWS\System32\OpenSSH\;C:\Program Files\TortoiseSVN\bin;C:\mongoDb\bin;C:\Program Files\Microsoft VS Code\bin
USERNAME=Admin
OS=Windows_NT
PROCESSOR_IDENTIFIER=Intel64 Family 6 Model 142 Stepping 9, GenuineIntel



---------------  S Y S T E M  ---------------

OS: Windows 10.0 , 64 bit Build 17134 (10.0.17134.1)

CPU:total 4 (initial active 4) (2 cores per cpu, 2 threads per core) family 6 model 142 stepping 9, cmov, cx8, fxsr, mmx, sse, sse2, sse3, ssse3, sse4.1, sse4.2, popcnt, avx, avx2, aes, clmul, erms, 3dnowpref, lzcnt, ht, tsc, tscinvbit, bmi1, bmi2, adx

Memory: 4k page, physical 8286348k(540500k free), swap 33452172k(5468k free)

vm_info: OpenJDK 64-Bit Server VM (25.152-b02) for windows-amd64 JRE (1.8.0_152-release-1024-b02), built by "builder" with MS VC++ 10.0 (VS2010)

time: Sat Sep 01 20:05:39 2018
elapsed time: 4 seconds (0d 0h 0m 4s)

