#
# There is insufficient memory for the Java Runtime Environment to continue.
# Native memory allocation (malloc) failed to allocate 1925856 bytes for Chunk::new
# Possible reasons:
#   The system is out of physical RAM or swap space
#   In 32 bit mode, the process size limit was hit
# Possible solutions:
#   Reduce memory load on the system
#   Increase physical memory or swap space
#   Check if swap backing store is full
#   Use 64 bit Java on a 64 bit OS
#   Decrease Java heap size (-Xmx/-Xms)
#   Decrease number of Java threads
#   Decrease Java thread stack sizes (-Xss)
#   Set larger code cache with -XX:ReservedCodeCacheSize=
# This output file may be truncated or incomplete.
#
#  Out of Memory Error (allocation.cpp:390), pid=31740, tid=0x00000000000015a8
#
# JRE version: OpenJDK Runtime Environment (8.0_152-b02) (build 1.8.0_152-release-1024-b02)
# Java VM: OpenJDK 64-Bit Server VM (25.152-b02 mixed mode windows-amd64 compressed oops)
# Failed to write core dump. Minidumps are not enabled by default on client versions of Windows
#

---------------  T H R E A D  ---------------

Current thread (0x0000000016481000):  JavaThread "C2 CompilerThread0" daemon [_thread_in_native, id=5544, stack(0x0000000017ad0000,0x0000000017bd0000)]

Stack: [0x0000000017ad0000,0x0000000017bd0000]
[error occurred during error reporting (printing stack bounds), id 0xc0000005]

Native frames: (J=compiled Java code, j=interpreted, Vv=VM code, C=native code)


Current CompileTask:
C2:   4590 1371       4       java.net.URLClassLoader$1::run (5 bytes)


---------------  P R O C E S S  ---------------

Java Threads: ( => current thread )
  0x00000000199f8800 JavaThread "Cache worker for file hash cache (D:\projek\Projek Android\Freelancer\uny_code\schedule_uny\.gradle\4.4\fileHashes)" [_thread_blocked, id=31668, stack(0x000000001bff0000,0x000000001c0f0000)]
  0x00000000194a2800 JavaThread "File lock request listener" [_thread_in_native, id=9588, stack(0x000000001af20000,0x000000001b020000)]
  0x000000001955a800 JavaThread "Cache worker for file hash cache (C:\Users\Admin\.gradle\caches\4.4\fileHashes)" [_thread_blocked, id=14720, stack(0x000000001ae20000,0x000000001af20000)]
  0x000000001928c000 JavaThread "Stdin handler" [_thread_blocked, id=34016, stack(0x000000001ab20000,0x000000001ac20000)]
  0x0000000019293000 JavaThread "Asynchronous log dispatcher for DefaultDaemonConnection: socket connection from /127.0.0.1:6028 to /127.0.0.1:6029" [_thread_blocked, id=14380, stack(0x000000001aa20000,0x000000001ab20000)]
  0x00000000192df000 JavaThread "Daemon worker" [_thread_in_native, id=27572, stack(0x000000001a920000,0x000000001aa20000)]
  0x00000000192dd000 JavaThread "Cancel handler" [_thread_blocked, id=32960, stack(0x000000001a820000,0x000000001a920000)]
  0x000000001924f000 JavaThread "Handler for socket connection from /127.0.0.1:6028 to /127.0.0.1:6029" [_thread_in_native, id=14184, stack(0x000000001a520000,0x000000001a620000)]
  0x000000001924c000 JavaThread "Daemon" [_thread_blocked, id=7548, stack(0x000000001a420000,0x000000001a520000)]
  0x0000000019192800 JavaThread "Daemon periodic checks" [_thread_blocked, id=31280, stack(0x000000001a320000,0x000000001a420000)]
  0x000000001942e800 JavaThread "Incoming local TCP Connector on port 6028" [_thread_in_native, id=9592, stack(0x000000001a0e0000,0x000000001a1e0000)]
  0x00000000164de000 JavaThread "Service Thread" daemon [_thread_blocked, id=25212, stack(0x00000000181d0000,0x00000000182d0000)]
  0x000000001648d800 JavaThread "C1 CompilerThread2" daemon [_thread_blocked, id=31972, stack(0x0000000017cd0000,0x0000000017dd0000)]
  0x0000000016489000 JavaThread "C2 CompilerThread1" daemon [_thread_in_native, id=17456, stack(0x0000000017bd0000,0x0000000017cd0000)]
=>0x0000000016481000 JavaThread "C2 CompilerThread0" daemon [_thread_in_native, id=5544, stack(0x0000000017ad0000,0x0000000017bd0000)]
  0x0000000016480000 JavaThread "Attach Listener" daemon [_thread_blocked, id=31296, stack(0x00000000179d0000,0x0000000017ad0000)]
  0x000000001647b000 JavaThread "Signal Dispatcher" daemon [_thread_blocked, id=23564, stack(0x00000000178d0000,0x00000000179d0000)]
  0x000000001646e000 JavaThread "Finalizer" daemon [_thread_blocked, id=34112, stack(0x00000000176e0000,0x00000000177e0000)]
  0x0000000002b03000 JavaThread "Reference Handler" daemon [_thread_blocked, id=27144, stack(0x00000000175e0000,0x00000000176e0000)]
  0x0000000002a12800 JavaThread "main" [_thread_blocked, id=31760, stack(0x0000000002910000,0x0000000002a10000)]

Other Threads:
  0x0000000016446800 VMThread [stack: 0x00000000174e0000,0x00000000175e0000] [id=28748]
  0x0000000017df2000 WatcherThread [stack: 0x00000000182d0000,0x00000000183d0000] [id=12616]

VM state:not at safepoint (normal execution)

VM Mutex/Monitor currently owned by a thread: None

Heap:
 PSYoungGen      total 38400K, used 34203K [0x00000000e0000000, 0x00000000e4b00000, 0x0000000100000000)
  eden space 33280K, 87% used [0x00000000e0000000,0x00000000e1c68ba0,0x00000000e2080000)
  from space 5120K, 99% used [0x00000000e2080000,0x00000000e257e178,0x00000000e2580000)
  to   space 5120K, 0% used [0x00000000e4600000,0x00000000e4600000,0x00000000e4b00000)
 ParOldGen       total 87552K, used 2471K [0x00000000a0000000, 0x00000000a5580000, 0x00000000e0000000)
  object space 87552K, 2% used [0x00000000a0000000,0x00000000a0269e30,0x00000000a5580000)
 Metaspace       used 17167K, capacity 17600K, committed 17792K, reserved 1064960K
  class space    used 2471K, capacity 2615K, committed 2688K, reserved 1048576K

Card table byte_map: [0x0000000011ed0000,0x00000000121e0000] byte_map_base: 0x00000000119d0000

Marking Bits: (ParMarkBitMap*) 0x0000000055234970
 Begin Bits: [0x00000000127e0000, 0x0000000013fe0000)
 End Bits:   [0x0000000013fe0000, 0x00000000157e0000)

Polling page: 0x0000000000b00000

CodeCache: size=245760Kb used=5321Kb max_used=5321Kb free=240438Kb
 bounds [0x0000000002b10000, 0x0000000003050000, 0x0000000011b10000]
 total_blobs=1967 nmethods=1590 adapters=290
 compilation: enabled

Compilation events (10 events):
Event: 4.574 Thread 0x000000001648d800 1593       3       sun.misc.PerfCounter::getFindClassTime (4 bytes)
Event: 4.574 Thread 0x000000001648d800 nmethod 1593 0x000000000303e290 code [0x000000000303e3e0, 0x000000000303e510]
Event: 4.574 Thread 0x000000001648d800 1594       3       sun.misc.PerfCounter::getFindClasses (4 bytes)
Event: 4.574 Thread 0x000000001648d800 nmethod 1594 0x000000000303e590 code [0x000000000303e6e0, 0x000000000303e810]
Event: 4.576 Thread 0x000000001648d800 1595       3       java.util.HashMap$HashIterator::<init> (79 bytes)
Event: 4.576 Thread 0x000000001648d800 nmethod 1595 0x000000000303e890 code [0x000000000303ea00, 0x000000000303ed90]
Event: 4.580 Thread 0x000000001648d800 1596       3       java.net.URL::<init> (308 bytes)
Event: 4.583 Thread 0x000000001648d800 nmethod 1596 0x000000000303ef10 code [0x000000000303f3a0, 0x0000000003042398]
Event: 4.583 Thread 0x000000001648d800 1597       3       java.net.Parts::<init> (87 bytes)
Event: 4.584 Thread 0x000000001648d800 nmethod 1597 0x0000000003043a10 code [0x0000000003043be0, 0x0000000003044578]

GC Heap History (6 events):
Event: 1.427 GC heap before
{Heap before GC invocations=1 (full 0):
 PSYoungGen      total 38400K, used 33280K [0x00000000e0000000, 0x00000000e2a80000, 0x0000000100000000)
  eden space 33280K, 100% used [0x00000000e0000000,0x00000000e2080000,0x00000000e2080000)
  from space 5120K, 0% used [0x00000000e2580000,0x00000000e2580000,0x00000000e2a80000)
  to   space 5120K, 0% used [0x00000000e2080000,0x00000000e2080000,0x00000000e2580000)
 ParOldGen       total 87552K, used 0K [0x00000000a0000000, 0x00000000a5580000, 0x00000000e0000000)
  object space 87552K, 0% used [0x00000000a0000000,0x00000000a0000000,0x00000000a5580000)
 Metaspace       used 6891K, capacity 7038K, committed 7168K, reserved 1056768K
  class space    used 841K, capacity 907K, committed 1024K, reserved 1048576K
Event: 1.444 GC heap after
Heap after GC invocations=1 (full 0):
 PSYoungGen      total 38400K, used 4207K [0x00000000e0000000, 0x00000000e4b00000, 0x0000000100000000)
  eden space 33280K, 0% used [0x00000000e0000000,0x00000000e0000000,0x00000000e2080000)
  from space 5120K, 82% used [0x00000000e2080000,0x00000000e249bfc0,0x00000000e2580000)
  to   space 5120K, 0% used [0x00000000e4600000,0x00000000e4600000,0x00000000e4b00000)
 ParOldGen       total 87552K, used 8K [0x00000000a0000000, 0x00000000a5580000, 0x00000000e0000000)
  object space 87552K, 0% used [0x00000000a0000000,0x00000000a0002000,0x00000000a5580000)
 Metaspace       used 6891K, capacity 7038K, committed 7168K, reserved 1056768K
  class space    used 841K, capacity 907K, committed 1024K, reserved 1048576K
}
Event: 3.489 GC heap before
{Heap before GC invocations=2 (full 0):
 PSYoungGen      total 38400K, used 37487K [0x00000000e0000000, 0x00000000e4b00000, 0x0000000100000000)
  eden space 33280K, 100% used [0x00000000e0000000,0x00000000e2080000,0x00000000e2080000)
  from space 5120K, 82% used [0x00000000e2080000,0x00000000e249bfc0,0x00000000e2580000)
  to   space 5120K, 0% used [0x00000000e4600000,0x00000000e4600000,0x00000000e4b00000)
 ParOldGen       total 87552K, used 8K [0x00000000a0000000, 0x00000000a5580000, 0x00000000e0000000)
  object space 87552K, 0% used [0x00000000a0000000,0x00000000a0002000,0x00000000a5580000)
 Metaspace       used 11524K, capacity 11776K, committed 11904K, reserved 1058816K
  class space    used 1522K, capacity 1630K, committed 1664K, reserved 1048576K
Event: 3.497 GC heap after
Heap after GC invocations=2 (full 0):
 PSYoungGen      total 38400K, used 5101K [0x00000000e0000000, 0x00000000e4b00000, 0x0000000100000000)
  eden space 33280K, 0% used [0x00000000e0000000,0x00000000e0000000,0x00000000e2080000)
  from space 5120K, 99% used [0x00000000e4600000,0x00000000e4afb778,0x00000000e4b00000)
  to   space 5120K, 0% used [0x00000000e2080000,0x00000000e2080000,0x00000000e2580000)
 ParOldGen       total 87552K, used 506K [0x00000000a0000000, 0x00000000a5580000, 0x00000000e0000000)
  object space 87552K, 0% used [0x00000000a0000000,0x00000000a007e9f8,0x00000000a5580000)
 Metaspace       used 11524K, capacity 11776K, committed 11904K, reserved 1058816K
  class space    used 1522K, capacity 1630K, committed 1664K, reserved 1048576K
}
Event: 3.945 GC heap before
{Heap before GC invocations=3 (full 0):
 PSYoungGen      total 38400K, used 38381K [0x00000000e0000000, 0x00000000e4b00000, 0x0000000100000000)
  eden space 33280K, 100% used [0x00000000e0000000,0x00000000e2080000,0x00000000e2080000)
  from space 5120K, 99% used [0x00000000e4600000,0x00000000e4afb778,0x00000000e4b00000)
  to   space 5120K, 0% used [0x00000000e2080000,0x00000000e2080000,0x00000000e2580000)
 ParOldGen       total 87552K, used 506K [0x00000000a0000000, 0x00000000a5580000, 0x00000000e0000000)
  object space 87552K, 0% used [0x00000000a0000000,0x00000000a007e9f8,0x00000000a5580000)
 Metaspace       used 14398K, capacity 14758K, committed 14976K, reserved 1062912K
  class space    used 2012K, capacity 2123K, committed 2176K, reserved 1048576K
Event: 3.960 GC heap after
Heap after GC invocations=3 (full 0):
 PSYoungGen      total 38400K, used 5112K [0x00000000e0000000, 0x00000000e4b00000, 0x0000000100000000)
  eden space 33280K, 0% used [0x00000000e0000000,0x00000000e0000000,0x00000000e2080000)
  from space 5120K, 99% used [0x00000000e2080000,0x00000000e257e178,0x00000000e2580000)
  to   space 5120K, 0% used [0x00000000e4600000,0x00000000e4600000,0x00000000e4b00000)
 ParOldGen       total 87552K, used 2471K [0x00000000a0000000, 0x00000000a5580000, 0x00000000e0000000)
  object space 87552K, 2% used [0x00000000a0000000,0x00000000a0269e30,0x00000000a5580000)
 Metaspace       used 14398K, capacity 14758K, committed 14976K, reserved 1062912K
  class space    used 2012K, capacity 2123K, committed 2176K, reserved 1048576K
}

Deoptimization events (10 events):
Event: 3.861 Thread 0x00000000192df000 Uncommon trap: reason=class_check action=maybe_recompile pc=0x0000000002db9958 method=java.util.regex.Matcher.match(II)Z @ 86
Event: 3.862 Thread 0x00000000192df000 Uncommon trap: reason=class_check action=maybe_recompile pc=0x0000000002d8001c method=java.util.regex.Matcher.match(II)Z @ 86
Event: 3.967 Thread 0x00000000192df000 Uncommon trap: reason=unstable_if action=reinterpret pc=0x0000000002f7e3f4 method=java.lang.String.lastIndexOf([CII[CIII)I @ 66
Event: 4.044 Thread 0x00000000192df000 Uncommon trap: reason=unstable_if action=reinterpret pc=0x0000000002c64c48 method=java.net.URI.match(CJJ)Z @ 19
Event: 4.044 Thread 0x00000000192df000 Uncommon trap: reason=unstable_if action=reinterpret pc=0x0000000002dbf980 method=java.net.URI.match(CJJ)Z @ 19
Event: 4.425 Thread 0x00000000192df000 Uncommon trap: reason=unstable_if action=reinterpret pc=0x0000000002db3098 method=java.io.File.getName()Ljava/lang/String; @ 16
Event: 4.568 Thread 0x00000000192df000 Uncommon trap: reason=bimorphic action=maybe_recompile pc=0x0000000002f91804 method=java.lang.ClassLoader.loadClass(Ljava/lang/String;Z)Ljava/lang/Class; @ 38
Event: 4.571 Thread 0x00000000192df000 Uncommon trap: reason=bimorphic action=maybe_recompile pc=0x0000000002f91804 method=java.lang.ClassLoader.loadClass(Ljava/lang/String;Z)Ljava/lang/Class; @ 38
Event: 4.572 Thread 0x00000000192df000 Uncommon trap: reason=bimorphic action=maybe_recompile pc=0x0000000002f91804 method=java.lang.ClassLoader.loadClass(Ljava/lang/String;Z)Ljava/lang/Class; @ 38
Event: 4.573 Thread 0x00000000192df000 Uncommon trap: reason=bimorphic action=maybe_recompile pc=0x0000000002f91804 method=java.lang.ClassLoader.loadClass(Ljava/lang/String;Z)Ljava/lang/Class; @ 38

Classes redefined (0 events):
No events

Internal exceptions (10 events):
Event: 3.536 Thread 0x000000001924f000 Exception <a 'java/lang/NoSuchMethodError': <clinit>> (0x00000000e0186d80) thrown at [D:\src\AOSP-openjdk-cygwin\jdk8u\hotspot\src\share\vm\prims\jni.cpp, line 1613]
Event: 3.540 Thread 0x000000001924f000 Exception <a 'java/lang/NoSuchMethodError': <clinit>> (0x00000000e01a1cb8) thrown at [D:\src\AOSP-openjdk-cygwin\jdk8u\hotspot\src\share\vm\prims\jni.cpp, line 1613]
Event: 3.544 Thread 0x000000001924f000 Exception <a 'java/lang/NoSuchMethodError': <clinit>> (0x00000000e01c7058) thrown at [D:\src\AOSP-openjdk-cygwin\jdk8u\hotspot\src\share\vm\prims\jni.cpp, line 1613]
Event: 3.566 Thread 0x00000000192df000 Exception <a 'java/lang/NoSuchMethodError': <clinit>> (0x00000000e033a3f0) thrown at [D:\src\AOSP-openjdk-cygwin\jdk8u\hotspot\src\share\vm\prims\jni.cpp, line 1613]
Event: 3.567 Thread 0x00000000192df000 Exception <a 'java/lang/NoSuchMethodError': <clinit>> (0x00000000e0342678) thrown at [D:\src\AOSP-openjdk-cygwin\jdk8u\hotspot\src\share\vm\prims\jni.cpp, line 1613]
Event: 4.451 Thread 0x00000000192df000 Exception <a 'java/lang/NoSuchMethodError': <clinit>> (0x00000000e17ef098) thrown at [D:\src\AOSP-openjdk-cygwin\jdk8u\hotspot\src\share\vm\prims\jni.cpp, line 1613]
Event: 4.452 Thread 0x00000000192df000 Exception <a 'java/lang/NoSuchMethodError': <clinit>> (0x00000000e17f1a38) thrown at [D:\src\AOSP-openjdk-cygwin\jdk8u\hotspot\src\share\vm\prims\jni.cpp, line 1613]
Event: 4.453 Thread 0x00000000192df000 Exception <a 'java/lang/NoSuchMethodError': <clinit>> (0x00000000e17ff028) thrown at [D:\src\AOSP-openjdk-cygwin\jdk8u\hotspot\src\share\vm\prims\jni.cpp, line 1613]
Event: 4.455 Thread 0x00000000192df000 Exception <a 'java/lang/NoSuchMethodError': <clinit>> (0x00000000e180a7b8) thrown at [D:\src\AOSP-openjdk-cygwin\jdk8u\hotspot\src\share\vm\prims\jni.cpp, line 1613]
Event: 4.579 Thread 0x00000000192df000 Exception <a 'java/lang/NoSuchMethodError': <clinit>> (0x00000000e1c1e258) thrown at [D:\src\AOSP-openjdk-cygwin\jdk8u\hotspot\src\share\vm\prims\jni.cpp, line 1613]

Events (10 events):
Event: 4.575 loading class org/gradle/tooling/internal/consumer/connection/BuildInvocationsAdapterController
Event: 4.576 loading class org/gradle/tooling/internal/consumer/connection/BuildInvocationsAdapterController done
Event: 4.576 loading class org/gradle/tooling/BuildAction
Event: 4.576 loading class org/gradle/tooling/BuildAction done
Event: 4.577 loading class org/gradle/tooling/internal/consumer/versioning/VersionDetails
Event: 4.577 loading class org/gradle/tooling/internal/consumer/versioning/VersionDetails done
Event: 4.578 loading class org/gradle/tooling/internal/protocol/InternalBuildController
Event: 4.578 loading class org/gradle/tooling/internal/protocol/InternalBuildController done
Event: 4.579 loading class org/jetbrains/plugins/gradle/model/ProjectImportAction
Event: 4.579 loading class org/jetbrains/plugins/gradle/model/ProjectImportAction done


Dynamic libraries:
0x00007ff610d10000 - 0x00007ff610d41000 	C:\Program Files\Android\Android Studio\jre\bin\java.exe
0x00007ffe604e0000 - 0x00007ffe606c1000 	C:\WINDOWS\SYSTEM32\ntdll.dll
0x00007ffe5d9d0000 - 0x00007ffe5da82000 	C:\WINDOWS\System32\KERNEL32.DLL
0x00007ffe5d3e0000 - 0x00007ffe5d653000 	C:\WINDOWS\System32\KERNELBASE.dll
0x00007ffe5e6d0000 - 0x00007ffe5e771000 	C:\WINDOWS\System32\ADVAPI32.dll
0x00007ffe5dbf0000 - 0x00007ffe5dc8e000 	C:\WINDOWS\System32\msvcrt.dll
0x00007ffe5e4e0000 - 0x00007ffe5e53b000 	C:\WINDOWS\System32\sechost.dll
0x00007ffe5e3b0000 - 0x00007ffe5e4d4000 	C:\WINDOWS\System32\RPCRT4.dll
0x00007ffe5e540000 - 0x00007ffe5e6d0000 	C:\WINDOWS\System32\USER32.dll
0x00007ffe5c8b0000 - 0x00007ffe5c8d0000 	C:\WINDOWS\System32\win32u.dll
0x00007ffe5e980000 - 0x00007ffe5e9a8000 	C:\WINDOWS\System32\GDI32.dll
0x00007ffe5d750000 - 0x00007ffe5d8e2000 	C:\WINDOWS\System32\gdi32full.dll
0x00007ffe5d6b0000 - 0x00007ffe5d74f000 	C:\WINDOWS\System32\msvcp_win.dll
0x00007ffe5cfe0000 - 0x00007ffe5d0da000 	C:\WINDOWS\System32\ucrtbase.dll
0x00007ffe4abf0000 - 0x00007ffe4ae59000 	C:\WINDOWS\WinSxS\amd64_microsoft.windows.common-controls_6595b64144ccf1df_6.0.17134.228_none_fb4599993062b194\COMCTL32.dll
0x00007ffe5e080000 - 0x00007ffe5e3a3000 	C:\WINDOWS\System32\combase.dll
0x00007ffe5d8f0000 - 0x00007ffe5d96a000 	C:\WINDOWS\System32\bcryptPrimitives.dll
0x00007ffe5dd60000 - 0x00007ffe5dd8d000 	C:\WINDOWS\System32\IMM32.DLL
0x00007ffe5b9e0000 - 0x00007ffe5ba11000 	C:\WINDOWS\SYSTEM32\ntmarta.dll
0x00007ffe5c720000 - 0x00007ffe5c750000 	C:\WINDOWS\SYSTEM32\SspiCli.dll
0x0000000054990000 - 0x0000000054a62000 	C:\Program Files\Android\Android Studio\jre\jre\bin\msvcr100.dll
0x0000000054a70000 - 0x00000000552af000 	C:\Program Files\Android\Android Studio\jre\jre\bin\server\jvm.dll
0x00007ffe5db10000 - 0x00007ffe5db18000 	C:\WINDOWS\System32\PSAPI.DLL
0x00007ffe55470000 - 0x00007ffe5547a000 	C:\WINDOWS\SYSTEM32\VERSION.dll
0x00007ffe55220000 - 0x00007ffe55229000 	C:\WINDOWS\SYSTEM32\WSOCK32.dll
0x00007ffe5dc90000 - 0x00007ffe5dcfc000 	C:\WINDOWS\System32\WS2_32.dll
0x00007ffe5a200000 - 0x00007ffe5a223000 	C:\WINDOWS\SYSTEM32\WINMM.dll
0x00007ffe5a1d0000 - 0x00007ffe5a1fa000 	C:\WINDOWS\SYSTEM32\WINMMBASE.dll
0x00007ffe5d660000 - 0x00007ffe5d6a9000 	C:\WINDOWS\System32\cfgmgr32.dll
0x00007ffe551f0000 - 0x00007ffe551ff000 	C:\Program Files\Android\Android Studio\jre\jre\bin\verify.dll
0x00007ffe4d2a0000 - 0x00007ffe4d2c9000 	C:\Program Files\Android\Android Studio\jre\jre\bin\java.dll
0x00007ffe51be0000 - 0x00007ffe51bf6000 	C:\Program Files\Android\Android Studio\jre\jre\bin\zip.dll
0x00007ffe5ea60000 - 0x00007ffe5fea0000 	C:\WINDOWS\System32\SHELL32.dll
0x00007ffe5e9b0000 - 0x00007ffe5ea59000 	C:\WINDOWS\System32\shcore.dll
0x00007ffe5c8d0000 - 0x00007ffe5cfdd000 	C:\WINDOWS\System32\windows.storage.dll
0x00007ffe5dd00000 - 0x00007ffe5dd51000 	C:\WINDOWS\System32\shlwapi.dll
0x00007ffe5c870000 - 0x00007ffe5c881000 	C:\WINDOWS\System32\kernel.appcore.dll
0x00007ffe5c890000 - 0x00007ffe5c8af000 	C:\WINDOWS\System32\profapi.dll
0x00007ffe5c7f0000 - 0x00007ffe5c83c000 	C:\WINDOWS\System32\powrprof.dll
0x00007ffe5c840000 - 0x00007ffe5c84a000 	C:\WINDOWS\System32\FLTLIB.DLL
0x00007ffe51470000 - 0x00007ffe5148a000 	C:\Program Files\Android\Android Studio\jre\jre\bin\net.dll
0x00007ffe5c010000 - 0x00007ffe5c076000 	C:\WINDOWS\system32\mswsock.dll
0x00007ffe50440000 - 0x00007ffe50451000 	C:\Program Files\Android\Android Studio\jre\jre\bin\nio.dll
0x00007ffe51630000 - 0x00007ffe5164e000 	C:\Users\Admin\.gradle\native\25\windows-amd64\native-platform.dll
0x00007ffe51d10000 - 0x00007ffe51d1d000 	C:\Program Files\Android\Android Studio\jre\jre\bin\management.dll
0x00007ffe5c1d0000 - 0x00007ffe5c1e7000 	C:\WINDOWS\SYSTEM32\CRYPTSP.dll
0x00007ffe5bbf0000 - 0x00007ffe5bc23000 	C:\WINDOWS\system32\rsaenh.dll
0x00007ffe5c2f0000 - 0x00007ffe5c315000 	C:\WINDOWS\SYSTEM32\bcrypt.dll
0x00007ffe5c6f0000 - 0x00007ffe5c718000 	C:\WINDOWS\SYSTEM32\USERENV.dll
0x00007ffe5c1c0000 - 0x00007ffe5c1cb000 	C:\WINDOWS\SYSTEM32\CRYPTBASE.dll
0x00007ffe5bd90000 - 0x00007ffe5bdc8000 	C:\WINDOWS\SYSTEM32\IPHLPAPI.DLL
0x00007ffe5fea0000 - 0x00007ffe5fea8000 	C:\WINDOWS\System32\NSI.dll
0x00007ffe54900000 - 0x00007ffe54916000 	C:\WINDOWS\SYSTEM32\dhcpcsvc6.DLL
0x00007ffe55100000 - 0x00007ffe5511a000 	C:\WINDOWS\SYSTEM32\dhcpcsvc.DLL

VM Arguments:
jvm_args: -Xmx1536m -Dfile.encoding=windows-1252 -Duser.country=ID -Duser.language=en -Duser.variant 
java_command: org.gradle.launcher.daemon.bootstrap.GradleDaemon 4.4
java_class_path (initial): C:\Users\Admin\.gradle\wrapper\dists\gradle-4.4-all\9br9xq1tocpiv8o6njlyu5op1\gradle-4.4\lib\gradle-launcher-4.4.jar
Launcher Type: SUN_STANDARD

Environment Variables:
JAVA_HOME=C:\Program Files\Java\jdk1.8.0_101
PATH=C:\Program Files (x86)\Common Files\Intel\Shared Files\cpp\bin\Intel64;C:\ProgramData\Oracle\Java\javapath;C:\Windows\system32;C:\Windows;C:\Windows\System32\Wbem;C:\Windows\System32\WindowsPowerShell\v1.0\;C:\Program Files (x86)\NVIDIA Corporation\PhysX\Common;C:\Program Files\Common Files\Autodesk Shared\;C:\Program Files (x86)\GtkSharp\2.12\bin;C:\WINDOWS\system32;C:\WINDOWS;C:\WINDOWS\System32\Wbem;C:\WINDOWS\System32\WindowsPowerShell\v1.0\;C:\xampp\php;C:\Program Files\Microsoft SQL Server\120\Tools\Binn\;C:\xamp\php;C:\ProgramData\ComposerSetup\bin;C:\Program Files\nodejs\;C:\Program Files (x86)\Windows Kits\8.1\Windows Performance Toolkit\;C:\Users\Admin\AppData\Local\Android\sdk\platform-tools;C:\Program Files\Git\cmd;C:\WINDOWS\System32\OpenSSH\;C:\Program Files\TortoiseSVN\bin;C:\mongoDb\bin;C:\Program Files\Microsoft VS Code\bin
USERNAME=Admin
OS=Windows_NT
PROCESSOR_IDENTIFIER=Intel64 Family 6 Model 142 Stepping 9, GenuineIntel



---------------  S Y S T E M  ---------------

OS: Windows 10.0 , 64 bit Build 17134 (10.0.17134.1)

CPU:total 4 (initial active 4) (2 cores per cpu, 2 threads per core) family 6 model 142 stepping 9, cmov, cx8, fxsr, mmx, sse, sse2, sse3, ssse3, sse4.1, sse4.2, popcnt, avx, avx2, aes, clmul, erms, 3dnowpref, lzcnt, ht, tsc, tscinvbit, bmi1, bmi2, adx

Memory: 4k page, physical 8286348k(513708k free), swap 33452172k(6364k free)

vm_info: OpenJDK 64-Bit Server VM (25.152-b02) for windows-amd64 JRE (1.8.0_152-release-1024-b02), built by "builder" with MS VC++ 10.0 (VS2010)

time: Sat Sep 01 20:05:23 2018
elapsed time: 4 seconds (0d 0h 0m 4s)

