#
# There is insufficient memory for the Java Runtime Environment to continue.
# Native memory allocation (malloc) failed to allocate 1897456 bytes for Chunk::new
# Possible reasons:
#   The system is out of physical RAM or swap space
#   In 32 bit mode, the process size limit was hit
# Possible solutions:
#   Reduce memory load on the system
#   Increase physical memory or swap space
#   Check if swap backing store is full
#   Use 64 bit Java on a 64 bit OS
#   Decrease Java heap size (-Xmx/-Xms)
#   Decrease number of Java threads
#   Decrease Java thread stack sizes (-Xss)
#   Set larger code cache with -XX:ReservedCodeCacheSize=
# This output file may be truncated or incomplete.
#
#  Out of Memory Error (allocation.cpp:390), pid=12052, tid=0x000000000000576c
#
# JRE version: OpenJDK Runtime Environment (8.0_152-b02) (build 1.8.0_152-release-1024-b02)
# Java VM: OpenJDK 64-Bit Server VM (25.152-b02 mixed mode windows-amd64 compressed oops)
# Failed to write core dump. Minidumps are not enabled by default on client versions of Windows
#

---------------  T H R E A D  ---------------

Current thread (0x0000000016dbf800):  JavaThread "C2 CompilerThread0" daemon [_thread_in_native, id=22380, stack(0x0000000018410000,0x0000000018510000)]

Stack: [0x0000000018410000,0x0000000018510000]
[error occurred during error reporting (printing stack bounds), id 0xc0000005]

Native frames: (J=compiled Java code, j=interpreted, Vv=VM code, C=native code)


Current CompileTask:
C2:  64571 7787   !   4       java.io.ObjectOutputStream::writeOrdinaryObject (175 bytes)


---------------  P R O C E S S  ---------------

Java Threads: ( => current thread )
  0x000000001d2a2800 JavaThread "Memory manager" [_thread_blocked, id=4880, stack(0x00000000205c0000,0x00000000206c0000)]
  0x000000001d29e000 JavaThread "pool-1-thread-1" [_thread_blocked, id=20372, stack(0x00000000202c0000,0x00000000203c0000)]
  0x000000001d29d000 JavaThread "build operations Thread 4" [_thread_blocked, id=10484, stack(0x000000001fdc0000,0x000000001fec0000)]
  0x00000000191c8800 JavaThread "build operations Thread 3" [_thread_blocked, id=32676, stack(0x000000001fcc0000,0x000000001fdc0000)]
  0x00000000191c7800 JavaThread "build operations Thread 2" [_thread_blocked, id=2244, stack(0x000000001fbc0000,0x000000001fcc0000)]
  0x00000000191ca000 JavaThread "build operations" [_thread_blocked, id=22872, stack(0x000000001fac0000,0x000000001fbc0000)]
  0x00000000191c9000 JavaThread "Cache worker for Artifact transforms cache (C:\Users\Admin\.gradle\caches\transforms-1)" [_thread_blocked, id=6668, stack(0x000000001cc30000,0x000000001cd30000)]
  0x000000001bdcc000 JavaThread "Cache worker for file hash cache (D:\projek\Projek Android\Freelancer\uny_code\schedule_uny\.gradle\4.4\fileHashes)" [_thread_blocked, id=22376, stack(0x000000001c930000,0x000000001ca30000)]
  0x0000000018f93800 JavaThread "File lock request listener" [_thread_in_native, id=17680, stack(0x000000001b860000,0x000000001b960000)]
  0x00000000188c1800 JavaThread "Cache worker for file hash cache (C:\Users\Admin\.gradle\caches\4.4\fileHashes)" [_thread_blocked, id=2984, stack(0x000000001b760000,0x000000001b860000)]
  0x00000000192d8800 JavaThread "Stdin handler" [_thread_blocked, id=1588, stack(0x000000001b460000,0x000000001b560000)]
  0x0000000018a54000 JavaThread "Asynchronous log dispatcher for DefaultDaemonConnection: socket connection from /127.0.0.1:5781 to /127.0.0.1:5782" [_thread_blocked, id=8492, stack(0x000000001b360000,0x000000001b460000)]
  0x0000000018a61000 JavaThread "Daemon worker" [_thread_in_native, id=17816, stack(0x000000001b260000,0x000000001b360000)]
  0x00000000188a1000 JavaThread "Cancel handler" [_thread_blocked, id=31448, stack(0x000000001b160000,0x000000001b260000)]
  0x0000000019e7d000 JavaThread "Handler for socket connection from /127.0.0.1:5781 to /127.0.0.1:5782" [_thread_in_native, id=18664, stack(0x000000001ae60000,0x000000001af60000)]
  0x000000001990c800 JavaThread "Daemon" [_thread_blocked, id=1644, stack(0x000000001ad60000,0x000000001ae60000)]
  0x000000001990b000 JavaThread "Daemon periodic checks" [_thread_blocked, id=35040, stack(0x000000001ac60000,0x000000001ad60000)]
  0x0000000019902000 JavaThread "Incoming local TCP Connector on port 5781" [_thread_in_native, id=16352, stack(0x000000001aa20000,0x000000001ab20000)]
  0x000000001873b800 JavaThread "Service Thread" daemon [_thread_blocked, id=20792, stack(0x0000000018b10000,0x0000000018c10000)]
  0x0000000016dcb800 JavaThread "C1 CompilerThread2" daemon [_thread_blocked, id=33416, stack(0x0000000018610000,0x0000000018710000)]
  0x0000000016dc7000 JavaThread "C2 CompilerThread1" daemon [_thread_in_native, id=12784, stack(0x0000000018510000,0x0000000018610000)]
=>0x0000000016dbf800 JavaThread "C2 CompilerThread0" daemon [_thread_in_native, id=22380, stack(0x0000000018410000,0x0000000018510000)]
  0x0000000016dbe000 JavaThread "Attach Listener" daemon [_thread_blocked, id=21112, stack(0x0000000018310000,0x0000000018410000)]
  0x0000000016db9000 JavaThread "Signal Dispatcher" daemon [_thread_blocked, id=2596, stack(0x0000000018210000,0x0000000018310000)]
  0x0000000016da8800 JavaThread "Finalizer" daemon [_thread_blocked, id=27664, stack(0x0000000018020000,0x0000000018120000)]
  0x0000000003442000 JavaThread "Reference Handler" daemon [_thread_blocked, id=9068, stack(0x0000000017f20000,0x0000000018020000)]
  0x0000000003352800 JavaThread "main" [_thread_blocked, id=14752, stack(0x00000000031b0000,0x00000000032b0000)]

Other Threads:
  0x0000000016d86800 VMThread [stack: 0x0000000017e20000,0x0000000017f20000] [id=29184]
  0x000000001873c800 WatcherThread [stack: 0x0000000018c10000,0x0000000018d10000] [id=4208]

VM state:not at safepoint (normal execution)

VM Mutex/Monitor currently owned by a thread: None

Heap:
 PSYoungGen      total 137728K, used 2275K [0x00000000e0000000, 0x00000000eb500000, 0x0000000100000000)
  eden space 123904K, 1% used [0x00000000e0000000,0x00000000e0238e48,0x00000000e7900000)
  from space 13824K, 0% used [0x00000000e7900000,0x00000000e7900000,0x00000000e8680000)
  to   space 13312K, 0% used [0x00000000ea800000,0x00000000ea800000,0x00000000eb500000)
 ParOldGen       total 102400K, used 46001K [0x00000000a0000000, 0x00000000a6400000, 0x00000000e0000000)
  object space 102400K, 44% used [0x00000000a0000000,0x00000000a2cec5e8,0x00000000a6400000)
 Metaspace       used 56937K, capacity 59060K, committed 59284K, reserved 1099776K
  class space    used 7800K, capacity 8369K, committed 8408K, reserved 1048576K

Card table byte_map: [0x0000000012810000,0x0000000012b20000] byte_map_base: 0x0000000012310000

Marking Bits: (ParMarkBitMap*) 0x0000000055234970
 Begin Bits: [0x0000000013120000, 0x0000000014920000)
 End Bits:   [0x0000000014920000, 0x0000000016120000)

Polling page: 0x0000000003120000

CodeCache: size=245760Kb used=25545Kb max_used=25582Kb free=220214Kb
 bounds [0x0000000003450000, 0x0000000004d70000, 0x0000000012450000]
 total_blobs=8083 nmethods=7318 adapters=677
 compilation: enabled

Compilation events (10 events):
Event: 64.231 Thread 0x0000000016dcb800 7825   !   3       java.util.zip.Inflater::end (50 bytes)
Event: 64.231 Thread 0x0000000016dcb800 nmethod 7825 0x0000000004d5fd50 code [0x0000000004d5fee0, 0x0000000004d60368]
Event: 64.232 Thread 0x0000000016dcb800 7826       3       java.util.zip.Inflater::finalize (5 bytes)
Event: 64.232 Thread 0x0000000016dcb800 nmethod 7826 0x0000000003657ad0 code [0x0000000003657c40, 0x0000000003657de8]
Event: 64.236 Thread 0x0000000016dcb800 7828       3       com.google.common.base.Objects::hashCode (5 bytes)
Event: 64.236 Thread 0x0000000016dcb800 nmethod 7828 0x00000000036573d0 code [0x0000000003657540, 0x00000000036576a8]
Event: 64.237 Thread 0x0000000016dcb800 7830       3       com.google.common.collect.RegularImmutableMap::get (64 bytes)
Event: 64.237 Thread 0x0000000016dcb800 nmethod 7830 0x0000000003691ad0 code [0x0000000003691c80, 0x0000000003692408]
Event: 64.238 Thread 0x0000000016dcb800 7829       3       com.google.common.collect.RegularImmutableMap::get (13 bytes)
Event: 64.238 Thread 0x0000000016dcb800 nmethod 7829 0x0000000003691710 code [0x0000000003691880, 0x0000000003691a28]

GC Heap History (10 events):
Event: 55.419 GC heap before
{Heap before GC invocations=18 (full 2):
 PSYoungGen      total 79872K, used 73376K [0x00000000e0000000, 0x00000000e7400000, 0x0000000100000000)
  eden space 70144K, 100% used [0x00000000e0000000,0x00000000e4480000,0x00000000e4480000)
  from space 9728K, 33% used [0x00000000e4480000,0x00000000e47a83b8,0x00000000e4e00000)
  to   space 9216K, 0% used [0x00000000e6b00000,0x00000000e6b00000,0x00000000e7400000)
 ParOldGen       total 58880K, used 23760K [0x00000000a0000000, 0x00000000a3980000, 0x00000000e0000000)
  object space 58880K, 40% used [0x00000000a0000000,0x00000000a17341d8,0x00000000a3980000)
 Metaspace       used 47486K, capacity 48588K, committed 48856K, reserved 1091584K
  class space    used 6438K, capacity 6786K, committed 6872K, reserved 1048576K
Event: 55.424 GC heap after
Heap after GC invocations=18 (full 2):
 PSYoungGen      total 109568K, used 2976K [0x00000000e0000000, 0x00000000e7400000, 0x0000000100000000)
  eden space 100352K, 0% used [0x00000000e0000000,0x00000000e0000000,0x00000000e6200000)
  from space 9216K, 32% used [0x00000000e6b00000,0x00000000e6de8000,0x00000000e7400000)
  to   space 9216K, 0% used [0x00000000e6200000,0x00000000e6200000,0x00000000e6b00000)
 ParOldGen       total 58880K, used 24526K [0x00000000a0000000, 0x00000000a3980000, 0x00000000e0000000)
  object space 58880K, 41% used [0x00000000a0000000,0x00000000a17f3a40,0x00000000a3980000)
 Metaspace       used 47486K, capacity 48588K, committed 48856K, reserved 1091584K
  class space    used 6438K, capacity 6786K, committed 6872K, reserved 1048576K
}
Event: 58.825 GC heap before
{Heap before GC invocations=19 (full 2):
 PSYoungGen      total 109568K, used 103328K [0x00000000e0000000, 0x00000000e7400000, 0x0000000100000000)
  eden space 100352K, 100% used [0x00000000e0000000,0x00000000e6200000,0x00000000e6200000)
  from space 9216K, 32% used [0x00000000e6b00000,0x00000000e6de8000,0x00000000e7400000)
  to   space 9216K, 0% used [0x00000000e6200000,0x00000000e6200000,0x00000000e6b00000)
 ParOldGen       total 58880K, used 24526K [0x00000000a0000000, 0x00000000a3980000, 0x00000000e0000000)
  object space 58880K, 41% used [0x00000000a0000000,0x00000000a17f3a40,0x00000000a3980000)
 Metaspace       used 52672K, capacity 54428K, committed 54616K, reserved 1095680K
  class space    used 7240K, capacity 7684K, committed 7768K, reserved 1048576K
Event: 58.834 GC heap after
Heap after GC invocations=19 (full 2):
 PSYoungGen      total 109568K, used 8968K [0x00000000e0000000, 0x00000000e9080000, 0x0000000100000000)
  eden space 100352K, 0% used [0x00000000e0000000,0x00000000e0000000,0x00000000e6200000)
  from space 9216K, 97% used [0x00000000e6200000,0x00000000e6ac2210,0x00000000e6b00000)
  to   space 10240K, 0% used [0x00000000e8680000,0x00000000e8680000,0x00000000e9080000)
 ParOldGen       total 58880K, used 24654K [0x00000000a0000000, 0x00000000a3980000, 0x00000000e0000000)
  object space 58880K, 41% used [0x00000000a0000000,0x00000000a1813a40,0x00000000a3980000)
 Metaspace       used 52672K, capacity 54428K, committed 54616K, reserved 1095680K
  class space    used 7240K, capacity 7684K, committed 7768K, reserved 1048576K
}
Event: 59.774 GC heap before
{Heap before GC invocations=20 (full 2):
 PSYoungGen      total 109568K, used 109320K [0x00000000e0000000, 0x00000000e9080000, 0x0000000100000000)
  eden space 100352K, 100% used [0x00000000e0000000,0x00000000e6200000,0x00000000e6200000)
  from space 9216K, 97% used [0x00000000e6200000,0x00000000e6ac2210,0x00000000e6b00000)
  to   space 10240K, 0% used [0x00000000e8680000,0x00000000e8680000,0x00000000e9080000)
 ParOldGen       total 58880K, used 24654K [0x00000000a0000000, 0x00000000a3980000, 0x00000000e0000000)
  object space 58880K, 41% used [0x00000000a0000000,0x00000000a1813a40,0x00000000a3980000)
 Metaspace       used 54385K, capacity 56158K, committed 56408K, reserved 1097728K
  class space    used 7478K, capacity 7900K, committed 8024K, reserved 1048576K
Event: 59.805 GC heap after
Heap after GC invocations=20 (full 2):
 PSYoungGen      total 134144K, used 10208K [0x00000000e0000000, 0x00000000e9a80000, 0x0000000100000000)
  eden space 123904K, 0% used [0x00000000e0000000,0x00000000e0000000,0x00000000e7900000)
  from space 10240K, 99% used [0x00000000e8680000,0x00000000e9078020,0x00000000e9080000)
  to   space 13824K, 0% used [0x00000000e7900000,0x00000000e7900000,0x00000000e8680000)
 ParOldGen       total 58880K, used 30182K [0x00000000a0000000, 0x00000000a3980000, 0x00000000e0000000)
  object space 58880K, 51% used [0x00000000a0000000,0x00000000a1d79820,0x00000000a3980000)
 Metaspace       used 54385K, capacity 56158K, committed 56408K, reserved 1097728K
  class space    used 7478K, capacity 7900K, committed 8024K, reserved 1048576K
}
Event: 63.790 GC heap before
{Heap before GC invocations=21 (full 2):
 PSYoungGen      total 134144K, used 101543K [0x00000000e0000000, 0x00000000e9a80000, 0x0000000100000000)
  eden space 123904K, 73% used [0x00000000e0000000,0x00000000e5931eb8,0x00000000e7900000)
  from space 10240K, 99% used [0x00000000e8680000,0x00000000e9078020,0x00000000e9080000)
  to   space 13824K, 0% used [0x00000000e7900000,0x00000000e7900000,0x00000000e8680000)
 ParOldGen       total 58880K, used 30182K [0x00000000a0000000, 0x00000000a3980000, 0x00000000e0000000)
  object space 58880K, 51% used [0x00000000a0000000,0x00000000a1d79820,0x00000000a3980000)
 Metaspace       used 56906K, capacity 58984K, committed 59028K, reserved 1099776K
  class space    used 7795K, capacity 8367K, committed 8408K, reserved 1048576K
Event: 63.805 GC heap after
Heap after GC invocations=21 (full 2):
 PSYoungGen      total 137728K, used 7538K [0x00000000e0000000, 0x00000000eb500000, 0x0000000100000000)
  eden space 123904K, 0% used [0x00000000e0000000,0x00000000e0000000,0x00000000e7900000)
  from space 13824K, 54% used [0x00000000e7900000,0x00000000e805c8b0,0x00000000e8680000)
  to   space 13312K, 0% used [0x00000000ea800000,0x00000000ea800000,0x00000000eb500000)
 ParOldGen       total 58880K, used 40432K [0x00000000a0000000, 0x00000000a3980000, 0x00000000e0000000)
  object space 58880K, 68% used [0x00000000a0000000,0x00000000a277c0d0,0x00000000a3980000)
 Metaspace       used 56906K, capacity 58984K, committed 59028K, reserved 1099776K
  class space    used 7795K, capacity 8367K, committed 8408K, reserved 1048576K
}
Event: 63.805 GC heap before
{Heap before GC invocations=22 (full 3):
 PSYoungGen      total 137728K, used 7538K [0x00000000e0000000, 0x00000000eb500000, 0x0000000100000000)
  eden space 123904K, 0% used [0x00000000e0000000,0x00000000e0000000,0x00000000e7900000)
  from space 13824K, 54% used [0x00000000e7900000,0x00000000e805c8b0,0x00000000e8680000)
  to   space 13312K, 0% used [0x00000000ea800000,0x00000000ea800000,0x00000000eb500000)
 ParOldGen       total 58880K, used 40432K [0x00000000a0000000, 0x00000000a3980000, 0x00000000e0000000)
  object space 58880K, 68% used [0x00000000a0000000,0x00000000a277c0d0,0x00000000a3980000)
 Metaspace       used 56906K, capacity 58984K, committed 59028K, reserved 1099776K
  class space    used 7795K, capacity 8367K, committed 8408K, reserved 1048576K
Event: 64.229 GC heap after
Heap after GC invocations=22 (full 3):
 PSYoungGen      total 137728K, used 0K [0x00000000e0000000, 0x00000000eb500000, 0x0000000100000000)
  eden space 123904K, 0% used [0x00000000e0000000,0x00000000e0000000,0x00000000e7900000)
  from space 13824K, 0% used [0x00000000e7900000,0x00000000e7900000,0x00000000e8680000)
  to   space 13312K, 0% used [0x00000000ea800000,0x00000000ea800000,0x00000000eb500000)
 ParOldGen       total 102400K, used 46001K [0x00000000a0000000, 0x00000000a6400000, 0x00000000e0000000)
  object space 102400K, 44% used [0x00000000a0000000,0x00000000a2cec5e8,0x00000000a6400000)
 Metaspace       used 56906K, capacity 58984K, committed 59028K, reserved 1099776K
  class space    used 7795K, capacity 8367K, committed 8408K, reserved 1048576K
}

Deoptimization events (10 events):
Event: 63.652 Thread 0x0000000018a61000 Uncommon trap: reason=unstable_if action=reinterpret pc=0x0000000004c35990 method=java.io.ObjectStreamClass.getClassDataLayout()[Ljava/io/ObjectStreamClass$ClassDataSlot; @ 4
Event: 63.652 Thread 0x0000000018a61000 Uncommon trap: reason=class_check action=maybe_recompile pc=0x0000000004be99b8 method=java.io.ObjectOutputStream$BlockDataOutputStream.drain()V @ 36
Event: 63.653 Thread 0x0000000018a61000 Uncommon trap: reason=class_check action=maybe_recompile pc=0x0000000004bb00f4 method=java.io.ObjectOutputStream.writeNonProxyDesc(Ljava/io/ObjectStreamClass;Z)V @ 44
Event: 63.653 Thread 0x0000000018a61000 Uncommon trap: reason=class_check action=maybe_recompile pc=0x0000000004beec24 method=java.io.ObjectOutputStream$BlockDataOutputStream.drain()V @ 36
Event: 63.653 Thread 0x0000000018a61000 Uncommon trap: reason=class_check action=maybe_recompile pc=0x0000000004a571c4 method=java.io.ObjectOutputStream$BlockDataOutputStream.drain()V @ 36
Event: 63.653 Thread 0x0000000018a61000 Uncommon trap: reason=class_check action=maybe_recompile pc=0x0000000004bf0d14 method=java.io.ObjectOutputStream$BlockDataOutputStream.write([BIIZ)V @ 23
Event: 63.654 Thread 0x0000000018a61000 Uncommon trap: reason=unstable_if action=reinterpret pc=0x0000000004bb11b8 method=java.io.ObjectOutputStream.writeClassDesc(Ljava/io/ObjectStreamClass;Z)V @ 41
Event: 63.655 Thread 0x0000000018a61000 Uncommon trap: reason=unstable_if action=reinterpret pc=0x0000000003e8e39c method=java.lang.reflect.Proxy.isProxyClass(Ljava/lang/Class;)Z @ 6
Event: 63.655 Thread 0x0000000018a61000 Uncommon trap: reason=class_check action=maybe_recompile pc=0x0000000004bf0d7c method=java.io.ObjectOutputStream$BlockDataOutputStream.drain()V @ 36
Event: 63.658 Thread 0x0000000018a61000 Uncommon trap: reason=unstable_if action=reinterpret pc=0x0000000004af7388 method=java.io.ObjectOutputStream$HandleTable.assign(Ljava/lang/Object;)I @ 24

Classes redefined (0 events):
No events

Internal exceptions (10 events):
Event: 60.007 Thread 0x0000000018a61000 Exception <a 'java/lang/ClassNotFoundException': org/gradle/api/internal/artifacts/DefaultPublishArtifactSetBeanInfo> (0x00000000e16defd0) thrown at [D:\src\AOSP-openjdk-cygwin\jdk8u\hotspot\src\share\vm\classfile\systemDictionary.cpp, line 210]
Event: 60.008 Thread 0x0000000018a61000 Exception <a 'java/lang/ClassNotFoundException': org/gradle/api/internal/DelegatingDomainObjectSetBeanInfo> (0x00000000e16f3100) thrown at [D:\src\AOSP-openjdk-cygwin\jdk8u\hotspot\src\share\vm\classfile\systemDictionary.cpp, line 210]
Event: 60.008 Thread 0x0000000018a61000 Exception <a 'java/lang/ClassNotFoundException': org/gradle/api/internal/DelegatingDomainObjectSetCustomizer> (0x00000000e1707f08) thrown at [D:\src\AOSP-openjdk-cygwin\jdk8u\hotspot\src\share\vm\classfile\systemDictionary.cpp, line 210]
Event: 60.009 Thread 0x0000000018a61000 Exception <a 'java/lang/ClassNotFoundException': org/gradle/api/internal/artifacts/DefaultPublishArtifactSetCustomizer> (0x00000000e1753078) thrown at [D:\src\AOSP-openjdk-cygwin\jdk8u\hotspot\src\share\vm\classfile\systemDictionary.cpp, line 210]
Event: 60.011 Thread 0x0000000018a61000 Exception <a 'java/lang/ClassNotFoundException': org/gradle/api/internal/file/DefaultFileCollectionFactory$1BeanInfo> (0x00000000e178fbe8) thrown at [D:\src\AOSP-openjdk-cygwin\jdk8u\hotspot\src\share\vm\classfile\systemDictionary.cpp, line 210]
Event: 60.011 Thread 0x0000000018a61000 Exception <a 'java/lang/ClassNotFoundException': org/gradle/api/internal/file/collections/FileCollectionAdapterBeanInfo> (0x00000000e17a6b30) thrown at [D:\src\AOSP-openjdk-cygwin\jdk8u\hotspot\src\share\vm\classfile\systemDictionary.cpp, line 210]
Event: 60.012 Thread 0x0000000018a61000 Exception <a 'java/lang/ClassNotFoundException': org/gradle/api/internal/file/collections/FileCollectionAdapterCustomizer> (0x00000000e17be2f0) thrown at [D:\src\AOSP-openjdk-cygwin\jdk8u\hotspot\src\share\vm\classfile\systemDictionary.cpp, line 210]
Event: 60.012 Thread 0x0000000018a61000 Exception <a 'java/lang/ClassNotFoundException': org/gradle/api/internal/file/DefaultFileCollectionFactory$1Customizer> (0x00000000e17de250) thrown at [D:\src\AOSP-openjdk-cygwin\jdk8u\hotspot\src\share\vm\classfile\systemDictionary.cpp, line 210]
Event: 62.985 Thread 0x0000000018a61000 Exception <a 'java/lang/NoSuchMethodError': java.lang.Object.lambda$negate$1(Ljava/lang/Object;)Z> (0x00000000e4031c78) thrown at [D:\src\AOSP-openjdk-cygwin\jdk8u\hotspot\src\share\vm\interpreter\linkResolver.cpp, line 584]
Event: 63.650 Thread 0x0000000018a61000 Implicit null exception at 0x0000000004c260a5 to 0x0000000004c2615e

Events (10 events):
Event: 64.238 Thread 0x0000000016dcb800 flushing nmethod 0x0000000003a16dd0
Event: 64.238 Thread 0x0000000016dcb800 flushing nmethod 0x0000000003a76050
Event: 64.238 Thread 0x0000000016dcb800 flushing nmethod 0x0000000003c8f390
Event: 64.239 Thread 0x0000000016dcb800 flushing nmethod 0x0000000003d654d0
Event: 64.462 loading class org/gradle/BuildResult
Event: 64.462 loading class org/gradle/BuildResult done
Event: 64.462 loading class com/android/build/gradle/BasePlugin$1
Event: 64.462 loading class com/android/build/gradle/BasePlugin$1 done
Event: 64.462 loading class com/android/build/gradle/internal/workeractions/WorkerActionServiceRegistry
Event: 64.462 loading class com/android/build/gradle/internal/workeractions/WorkerActionServiceRegistry done


Dynamic libraries:
0x00007ff6f7950000 - 0x00007ff6f7981000 	C:\Program Files\Android\Android Studio\jre\bin\java.exe
0x00007ffe604e0000 - 0x00007ffe606c1000 	C:\WINDOWS\SYSTEM32\ntdll.dll
0x00007ffe5d9d0000 - 0x00007ffe5da82000 	C:\WINDOWS\System32\KERNEL32.DLL
0x00007ffe5d3e0000 - 0x00007ffe5d653000 	C:\WINDOWS\System32\KERNELBASE.dll
0x00007ffe5e6d0000 - 0x00007ffe5e771000 	C:\WINDOWS\System32\ADVAPI32.dll
0x00007ffe5dbf0000 - 0x00007ffe5dc8e000 	C:\WINDOWS\System32\msvcrt.dll
0x00007ffe5e4e0000 - 0x00007ffe5e53b000 	C:\WINDOWS\System32\sechost.dll
0x00007ffe5e3b0000 - 0x00007ffe5e4d4000 	C:\WINDOWS\System32\RPCRT4.dll
0x00007ffe5e540000 - 0x00007ffe5e6d0000 	C:\WINDOWS\System32\USER32.dll
0x00007ffe5c8b0000 - 0x00007ffe5c8d0000 	C:\WINDOWS\System32\win32u.dll
0x00007ffe5e980000 - 0x00007ffe5e9a8000 	C:\WINDOWS\System32\GDI32.dll
0x00007ffe5d750000 - 0x00007ffe5d8e2000 	C:\WINDOWS\System32\gdi32full.dll
0x00007ffe5d6b0000 - 0x00007ffe5d74f000 	C:\WINDOWS\System32\msvcp_win.dll
0x00007ffe5cfe0000 - 0x00007ffe5d0da000 	C:\WINDOWS\System32\ucrtbase.dll
0x00007ffe4abf0000 - 0x00007ffe4ae59000 	C:\WINDOWS\WinSxS\amd64_microsoft.windows.common-controls_6595b64144ccf1df_6.0.17134.228_none_fb4599993062b194\COMCTL32.dll
0x00007ffe5e080000 - 0x00007ffe5e3a3000 	C:\WINDOWS\System32\combase.dll
0x00007ffe5d8f0000 - 0x00007ffe5d96a000 	C:\WINDOWS\System32\bcryptPrimitives.dll
0x00007ffe5dd60000 - 0x00007ffe5dd8d000 	C:\WINDOWS\System32\IMM32.DLL
0x00007ffe5b9e0000 - 0x00007ffe5ba11000 	C:\WINDOWS\SYSTEM32\ntmarta.dll
0x00007ffe5c720000 - 0x00007ffe5c750000 	C:\WINDOWS\SYSTEM32\SspiCli.dll
0x0000000054990000 - 0x0000000054a62000 	C:\Program Files\Android\Android Studio\jre\jre\bin\msvcr100.dll
0x0000000054a70000 - 0x00000000552af000 	C:\Program Files\Android\Android Studio\jre\jre\bin\server\jvm.dll
0x00007ffe5db10000 - 0x00007ffe5db18000 	C:\WINDOWS\System32\PSAPI.DLL
0x00007ffe5a200000 - 0x00007ffe5a223000 	C:\WINDOWS\SYSTEM32\WINMM.dll
0x00007ffe55470000 - 0x00007ffe5547a000 	C:\WINDOWS\SYSTEM32\VERSION.dll
0x00007ffe55220000 - 0x00007ffe55229000 	C:\WINDOWS\SYSTEM32\WSOCK32.dll
0x00007ffe5dc90000 - 0x00007ffe5dcfc000 	C:\WINDOWS\System32\WS2_32.dll
0x00007ffe5a1d0000 - 0x00007ffe5a1fa000 	C:\WINDOWS\SYSTEM32\WINMMBASE.dll
0x00007ffe5d660000 - 0x00007ffe5d6a9000 	C:\WINDOWS\System32\cfgmgr32.dll
0x00007ffe551f0000 - 0x00007ffe551ff000 	C:\Program Files\Android\Android Studio\jre\jre\bin\verify.dll
0x00007ffe4d2a0000 - 0x00007ffe4d2c9000 	C:\Program Files\Android\Android Studio\jre\jre\bin\java.dll
0x00007ffe51be0000 - 0x00007ffe51bf6000 	C:\Program Files\Android\Android Studio\jre\jre\bin\zip.dll
0x00007ffe5ea60000 - 0x00007ffe5fea0000 	C:\WINDOWS\System32\SHELL32.dll
0x00007ffe5e9b0000 - 0x00007ffe5ea59000 	C:\WINDOWS\System32\shcore.dll
0x00007ffe5c8d0000 - 0x00007ffe5cfdd000 	C:\WINDOWS\System32\windows.storage.dll
0x00007ffe5dd00000 - 0x00007ffe5dd51000 	C:\WINDOWS\System32\shlwapi.dll
0x00007ffe5c870000 - 0x00007ffe5c881000 	C:\WINDOWS\System32\kernel.appcore.dll
0x00007ffe5c890000 - 0x00007ffe5c8af000 	C:\WINDOWS\System32\profapi.dll
0x00007ffe5c7f0000 - 0x00007ffe5c83c000 	C:\WINDOWS\System32\powrprof.dll
0x00007ffe5c840000 - 0x00007ffe5c84a000 	C:\WINDOWS\System32\FLTLIB.DLL
0x00007ffe51470000 - 0x00007ffe5148a000 	C:\Program Files\Android\Android Studio\jre\jre\bin\net.dll
0x00007ffe5c010000 - 0x00007ffe5c076000 	C:\WINDOWS\system32\mswsock.dll
0x00007ffe50440000 - 0x00007ffe50451000 	C:\Program Files\Android\Android Studio\jre\jre\bin\nio.dll
0x00007ffe51630000 - 0x00007ffe5164e000 	C:\Users\Admin\.gradle\native\25\windows-amd64\native-platform.dll
0x00007ffe51d10000 - 0x00007ffe51d1d000 	C:\Program Files\Android\Android Studio\jre\jre\bin\management.dll
0x00007ffe5c1d0000 - 0x00007ffe5c1e7000 	C:\WINDOWS\SYSTEM32\CRYPTSP.dll
0x00007ffe5bbf0000 - 0x00007ffe5bc23000 	C:\WINDOWS\system32\rsaenh.dll
0x00007ffe5c2f0000 - 0x00007ffe5c315000 	C:\WINDOWS\SYSTEM32\bcrypt.dll
0x00007ffe5c6f0000 - 0x00007ffe5c718000 	C:\WINDOWS\SYSTEM32\USERENV.dll
0x00007ffe5c1c0000 - 0x00007ffe5c1cb000 	C:\WINDOWS\SYSTEM32\CRYPTBASE.dll
0x00007ffe5bd90000 - 0x00007ffe5bdc8000 	C:\WINDOWS\SYSTEM32\IPHLPAPI.DLL
0x00007ffe5fea0000 - 0x00007ffe5fea8000 	C:\WINDOWS\System32\NSI.dll
0x00007ffe54900000 - 0x00007ffe54916000 	C:\WINDOWS\SYSTEM32\dhcpcsvc6.DLL
0x00007ffe55100000 - 0x00007ffe5511a000 	C:\WINDOWS\SYSTEM32\dhcpcsvc.DLL

VM Arguments:
jvm_args: -Xmx1536m -Dfile.encoding=windows-1252 -Duser.country=ID -Duser.language=en -Duser.variant 
java_command: org.gradle.launcher.daemon.bootstrap.GradleDaemon 4.4
java_class_path (initial): C:\Users\Admin\.gradle\wrapper\dists\gradle-4.4-all\9br9xq1tocpiv8o6njlyu5op1\gradle-4.4\lib\gradle-launcher-4.4.jar
Launcher Type: SUN_STANDARD

Environment Variables:
JAVA_HOME=C:\Program Files\Java\jdk1.8.0_101
PATH=C:\Program Files (x86)\Common Files\Intel\Shared Files\cpp\bin\Intel64;C:\ProgramData\Oracle\Java\javapath;C:\Windows\system32;C:\Windows;C:\Windows\System32\Wbem;C:\Windows\System32\WindowsPowerShell\v1.0\;C:\Program Files (x86)\NVIDIA Corporation\PhysX\Common;C:\Program Files\Common Files\Autodesk Shared\;C:\Program Files (x86)\GtkSharp\2.12\bin;C:\WINDOWS\system32;C:\WINDOWS;C:\WINDOWS\System32\Wbem;C:\WINDOWS\System32\WindowsPowerShell\v1.0\;C:\xampp\php;C:\Program Files\Microsoft SQL Server\120\Tools\Binn\;C:\xamp\php;C:\ProgramData\ComposerSetup\bin;C:\Program Files\nodejs\;C:\Program Files (x86)\Windows Kits\8.1\Windows Performance Toolkit\;C:\Users\Admin\AppData\Local\Android\sdk\platform-tools;C:\Program Files\Git\cmd;C:\WINDOWS\System32\OpenSSH\;C:\Program Files\TortoiseSVN\bin;C:\mongoDb\bin;C:\Program Files\Microsoft VS Code\bin
USERNAME=Admin
OS=Windows_NT
PROCESSOR_IDENTIFIER=Intel64 Family 6 Model 142 Stepping 9, GenuineIntel



---------------  S Y S T E M  ---------------

OS: Windows 10.0 , 64 bit Build 17134 (10.0.17134.1)

CPU:total 4 (initial active 4) (2 cores per cpu, 2 threads per core) family 6 model 142 stepping 9, cmov, cx8, fxsr, mmx, sse, sse2, sse3, ssse3, sse4.1, sse4.2, popcnt, avx, avx2, aes, clmul, erms, 3dnowpref, lzcnt, ht, tsc, tscinvbit, bmi1, bmi2, adx

Memory: 4k page, physical 8286348k(858368k free), swap 33452172k(5612k free)

vm_info: OpenJDK 64-Bit Server VM (25.152-b02) for windows-amd64 JRE (1.8.0_152-release-1024-b02), built by "builder" with MS VC++ 10.0 (VS2010)

time: Sat Sep 01 19:48:13 2018
elapsed time: 64 seconds (0d 0h 1m 4s)

